[ 2016-01-04T00:34:59+08:00 ] 127.0.0.1 /weibo/Public/Admin/easyui/jquery.min.map
INFO: [ app_init ] --START--
INFO: Run Behavior\BuildLiteBehavior [ RunTime:0.000000s ]
INFO: [ app_init ] --END-- [ RunTime:0.001000s ]
INFO: [ app_begin ] --START--
INFO: Run Behavior\ReadHtmlCacheBehavior [ RunTime:0.001000s ]
INFO: [ app_begin ] --END-- [ RunTime:0.001000s ]
ERR: 无法加载控制器:Public

[ 2016-01-04T13:14:50+08:00 ] 127.0.0.1 /weibo/Public/Admin/easyui/jquery.min.map
INFO: [ app_init ] --START--
INFO: Run Behavior\BuildLiteBehavior [ RunTime:0.000000s ]
INFO: [ app_init ] --END-- [ RunTime:0.000000s ]
INFO: [ app_begin ] --START--
INFO: Run Behavior\ReadHtmlCacheBehavior [ RunTime:0.001000s ]
INFO: [ app_begin ] --END-- [ RunTime:0.002000s ]
ERR: 无法加载控制器:Public

[ 2016-01-04T13:14:53+08:00 ] 127.0.0.1 /weibo/
INFO: [ app_init ] --START--
INFO: Run Behavior\BuildLiteBehavior [ RunTime:0.000000s ]
INFO: [ app_init ] --END-- [ RunTime:0.000000s ]
INFO: [ app_begin ] --START--
INFO: Run Behavior\ReadHtmlCacheBehavior [ RunTime:0.001000s ]
INFO: [ app_begin ] --END-- [ RunTime:0.001000s ]

[ 2016-01-04T13:14:53+08:00 ] 127.0.0.1 /weibo/Login/index.html
INFO: [ app_init ] --START--
INFO: Run Behavior\BuildLiteBehavior [ RunTime:0.000000s ]
INFO: [ app_init ] --END-- [ RunTime:0.000000s ]
INFO: [ app_begin ] --START--
INFO: Run Behavior\ReadHtmlCacheBehavior [ RunTime:0.001000s ]
INFO: [ app_begin ] --END-- [ RunTime:0.001000s ]
INFO: [ view_parse ] --START--
INFO: [ template_filter ] --START--
INFO: Run Behavior\ContentReplaceBehavior [ RunTime:0.000000s ]
INFO: [ template_filter ] --END-- [ RunTime:0.000000s ]
INFO: Run Behavior\ParseTemplateBehavior [ RunTime:0.007001s ]
INFO: [ view_parse ] --END-- [ RunTime:0.007001s ]
INFO: [ view_filter ] --START--
INFO: Run Behavior\WriteHtmlCacheBehavior [ RunTime:0.001000s ]
INFO: [ view_filter ] --END-- [ RunTime:0.001000s ]
INFO: [ app_end ] --START--
INFO: Run Behavior\ShowPageTraceBehavior [ RunTime:0.000000s ]
INFO: [ app_end ] --END-- [ RunTime:0.001000s ]

[ 2016-01-04T13:14:54+08:00 ] 127.0.0.1 /weibo/Login/verify.html?a=b
INFO: [ app_init ] --START--
INFO: Run Behavior\BuildLiteBehavior [ RunTime:0.000000s ]
INFO: [ app_init ] --END-- [ RunTime:0.000000s ]
INFO: [ app_begin ] --START--
INFO: Run Behavior\ReadHtmlCacheBehavior [ RunTime:0.001000s ]
INFO: [ app_begin ] --END-- [ RunTime:0.001000s ]
INFO: [ app_end ] --START--
INFO: Run Behavior\ShowPageTraceBehavior [ RunTime:0.001000s ]
INFO: [ app_end ] --END-- [ RunTime:0.001000s ]

[ 2016-01-04T13:14:54+08:00 ] 127.0.0.1 /weibo/Public/Home/js/jquery-1.10.2.min.map
INFO: [ app_init ] --START--
INFO: Run Behavior\BuildLiteBehavior [ RunTime:0.000000s ]
INFO: [ app_init ] --END-- [ RunTime:0.000000s ]
INFO: [ app_begin ] --START--
INFO: Run Behavior\ReadHtmlCacheBehavior [ RunTime:0.001000s ]
INFO: [ app_begin ] --END-- [ RunTime:0.001000s ]
ERR: 无法加载控制器:Public

[ 2016-01-04T13:15:03+08:00 ] 127.0.0.1 /weibo/Home/User/checkVerify
INFO: [ app_init ] --START--
INFO: Run Behavior\BuildLiteBehavior [ RunTime:0.000000s ]
INFO: [ app_init ] --END-- [ RunTime:0.000000s ]
INFO: [ app_begin ] --START--
INFO: Run Behavior\ReadHtmlCacheBehavior [ RunTime:0.001000s ]
INFO: [ app_begin ] --END-- [ RunTime:0.001000s ]
SQL: DESCRIBE weibo_user [ RunTime:0.006000s ]
NOTIC: [2] sha1() expects at least 1 parameter, 0 given C:\xampp\htdocs\weibo\ThinkPHP\Library\Think\Model.class.php 第 1013 行.
INFO: [ app_end ] --START--
INFO: Run Behavior\ShowPageTraceBehavior [ RunTime:0.001000s ]
INFO: [ app_end ] --END-- [ RunTime:0.001000s ]

[ 2016-01-04T13:15:03+08:00 ] 127.0.0.1 /weibo/Home/User/login
INFO: [ app_init ] --START--
INFO: Run Behavior\BuildLiteBehavior [ RunTime:0.000000s ]
INFO: [ app_init ] --END-- [ RunTime:0.000000s ]
INFO: [ app_begin ] --START--
INFO: Run Behavior\ReadHtmlCacheBehavior [ RunTime:0.001000s ]
INFO: [ app_begin ] --END-- [ RunTime:0.001000s ]
SQL: DESCRIBE weibo_user [ RunTime:0.003001s ]
SQL: SELECT `id`,`username`,`password`,`face` FROM `weibo_user` WHERE `username` = '蜡笔小新' LIMIT 1   [ RunTime:0.001000s ]
INFO: [ app_end ] --START--
INFO: Run Behavior\ShowPageTraceBehavior [ RunTime:0.001000s ]
INFO: [ app_end ] --END-- [ RunTime:0.001000s ]

[ 2016-01-04T13:15:11+08:00 ] 127.0.0.1 /weibo/Home/User/login
INFO: [ app_init ] --START--
INFO: Run Behavior\BuildLiteBehavior [ RunTime:0.000000s ]
INFO: [ app_init ] --END-- [ RunTime:0.001000s ]
INFO: [ app_begin ] --START--
INFO: Run Behavior\ReadHtmlCacheBehavior [ RunTime:0.000000s ]
INFO: [ app_begin ] --END-- [ RunTime:0.000000s ]
SQL: DESCRIBE weibo_user [ RunTime:0.003000s ]
SQL: SELECT `id`,`username`,`password`,`face` FROM `weibo_user` WHERE `username` = '蜡笔小新' LIMIT 1   [ RunTime:0.000000s ]
SQL: UPDATE `weibo_user` SET `last_login`=1451884510,`last_ip`='2130706433' WHERE `id` = '7' [ RunTime:0.000000s ]
INFO: [ app_end ] --START--
INFO: Run Behavior\ShowPageTraceBehavior [ RunTime:0.001000s ]
INFO: [ app_end ] --END-- [ RunTime:0.001000s ]

[ 2016-01-04T13:15:12+08:00 ] 127.0.0.1 /weibo/Index/index.html
INFO: [ app_init ] --START--
INFO: Run Behavior\BuildLiteBehavior [ RunTime:0.000000s ]
INFO: [ app_init ] --END-- [ RunTime:0.001000s ]
INFO: [ app_begin ] --START--
INFO: Run Behavior\ReadHtmlCacheBehavior [ RunTime:0.001000s ]
INFO: [ app_begin ] --END-- [ RunTime:0.001000s ]
SQL: DESCRIBE weibo_topic [ RunTime:0.006000s ]
SQL: DESCRIBE weibo_topic [ RunTime:0.003000s ]
SQL: SELECT a.id,a.content,a.content_over,a.create,a.uid,a.reid,a.recount,b.username,b.face,b.domain FROM weibo_topic a,weibo_user b WHERE ( a.uid=b.id ) ORDER BY a.create DESC LIMIT 0,10   [ RunTime:0.001000s ]
SQL: DESCRIBE weibo_image [ RunTime:0.005001s ]
SQL: SELECT `data` FROM `weibo_image` WHERE ( 1=1 AND tid='237' )  [ RunTime:0.001000s ]
SQL: SELECT `data` FROM `weibo_image` WHERE ( 1=1 AND tid='236' )  [ RunTime:0.001000s ]
SQL: SELECT `data` FROM `weibo_image` WHERE ( 1=1 AND tid='235' )  [ RunTime:0.000000s ]
SQL: SELECT `data` FROM `weibo_image` WHERE ( 1=1 AND tid='234' )  [ RunTime:0.000000s ]
SQL: SELECT `data` FROM `weibo_image` WHERE ( 1=1 AND tid='233' )  [ RunTime:0.000000s ]
SQL: SELECT `data` FROM `weibo_image` WHERE ( 1=1 AND tid='232' )  [ RunTime:0.001000s ]
SQL: SELECT `data` FROM `weibo_image` WHERE ( 1=1 AND tid='231' )  [ RunTime:0.000000s ]
SQL: SELECT `data` FROM `weibo_image` WHERE ( 1=1 AND tid='230' )  [ RunTime:0.000000s ]
SQL: SELECT `data` FROM `weibo_image` WHERE ( 1=1 AND tid='229' )  [ RunTime:0.000000s ]
SQL: SELECT `data` FROM `weibo_image` WHERE ( 1=1 AND tid='228' )  [ RunTime:0.001000s ]
INFO: [ view_parse ] --START--
INFO: [ template_filter ] --START--
INFO: Run Behavior\ContentReplaceBehavior [ RunTime:0.001000s ]
INFO: [ template_filter ] --END-- [ RunTime:0.001000s ]
NOTIC: [8] Undefined variable: referCount C:\xampp\htdocs\weibo\App\Runtime\Cache\Home\4ac420d3dd2cc5f43d5d2c667fdd4e91.php 第 54 行.
NOTIC: [8] Undefined variable: referCount C:\xampp\htdocs\weibo\App\Runtime\Cache\Home\4ac420d3dd2cc5f43d5d2c667fdd4e91.php 第 68 行.
NOTIC: [8] Undefined variable: referCount C:\xampp\htdocs\weibo\App\Runtime\Cache\Home\4ac420d3dd2cc5f43d5d2c667fdd4e91.php 第 70 行.
INFO: Run Behavior\ParseTemplateBehavior [ RunTime:0.018001s ]
INFO: [ view_parse ] --END-- [ RunTime:0.018001s ]
INFO: [ view_filter ] --START--
INFO: Run Behavior\WriteHtmlCacheBehavior [ RunTime:0.001000s ]
INFO: [ view_filter ] --END-- [ RunTime:0.001000s ]
INFO: [ app_end ] --START--
INFO: Run Behavior\ShowPageTraceBehavior [ RunTime:0.001000s ]
INFO: [ app_end ] --END-- [ RunTime:0.001000s ]

[ 2016-01-04T13:15:12+08:00 ] 127.0.0.1 /weibo/Index/index.html
INFO: [ app_init ] --START--
INFO: Run Behavior\BuildLiteBehavior [ RunTime:0.000000s ]
INFO: [ app_init ] --END-- [ RunTime:0.001000s ]
INFO: [ app_begin ] --START--
INFO: Run Behavior\ReadHtmlCacheBehavior [ RunTime:0.001000s ]
INFO: [ app_begin ] --END-- [ RunTime:0.001000s ]
SQL: DESCRIBE weibo_topic [ RunTime:0.003000s ]
SQL: DESCRIBE weibo_topic [ RunTime:0.003001s ]
SQL: SELECT a.id,a.content,a.content_over,a.create,a.uid,a.reid,a.recount,b.username,b.face,b.domain FROM weibo_topic a,weibo_user b WHERE ( a.uid=b.id ) ORDER BY a.create DESC LIMIT 0,10   [ RunTime:0.000000s ]
SQL: DESCRIBE weibo_image [ RunTime:0.003000s ]
SQL: SELECT `data` FROM `weibo_image` WHERE ( 1=1 AND tid='237' )  [ RunTime:0.001000s ]
SQL: SELECT `data` FROM `weibo_image` WHERE ( 1=1 AND tid='236' )  [ RunTime:0.000000s ]
SQL: SELECT `data` FROM `weibo_image` WHERE ( 1=1 AND tid='235' )  [ RunTime:0.000000s ]
SQL: SELECT `data` FROM `weibo_image` WHERE ( 1=1 AND tid='234' )  [ RunTime:0.001000s ]
SQL: SELECT `data` FROM `weibo_image` WHERE ( 1=1 AND tid='233' )  [ RunTime:0.000000s ]
SQL: SELECT `data` FROM `weibo_image` WHERE ( 1=1 AND tid='232' )  [ RunTime:0.000000s ]
SQL: SELECT `data` FROM `weibo_image` WHERE ( 1=1 AND tid='231' )  [ RunTime:0.000000s ]
SQL: SELECT `data` FROM `weibo_image` WHERE ( 1=1 AND tid='230' )  [ RunTime:0.001000s ]
SQL: SELECT `data` FROM `weibo_image` WHERE ( 1=1 AND tid='229' )  [ RunTime:0.000000s ]
SQL: SELECT `data` FROM `weibo_image` WHERE ( 1=1 AND tid='228' )  [ RunTime:0.000000s ]
INFO: [ view_parse ] --START--
INFO: [ template_filter ] --START--
INFO: Run Behavior\ContentReplaceBehavior [ RunTime:0.001000s ]
INFO: [ template_filter ] --END-- [ RunTime:0.001000s ]
NOTIC: [8] Undefined variable: referCount C:\xampp\htdocs\weibo\App\Runtime\Cache\Home\4ac420d3dd2cc5f43d5d2c667fdd4e91.php 第 54 行.
NOTIC: [8] Undefined variable: referCount C:\xampp\htdocs\weibo\App\Runtime\Cache\Home\4ac420d3dd2cc5f43d5d2c667fdd4e91.php 第 68 行.
NOTIC: [8] Undefined variable: referCount C:\xampp\htdocs\weibo\App\Runtime\Cache\Home\4ac420d3dd2cc5f43d5d2c667fdd4e91.php 第 70 行.
INFO: Run Behavior\ParseTemplateBehavior [ RunTime:0.015001s ]
INFO: [ view_parse ] --END-- [ RunTime:0.015001s ]
INFO: [ view_filter ] --START--
INFO: Run Behavior\WriteHtmlCacheBehavior [ RunTime:0.001000s ]
INFO: [ view_filter ] --END-- [ RunTime:0.001000s ]
INFO: [ app_end ] --START--
INFO: Run Behavior\ShowPageTraceBehavior [ RunTime:0.001000s ]
INFO: [ app_end ] --END-- [ RunTime:0.001000s ]

[ 2016-01-04T13:15:12+08:00 ] 127.0.0.1 /weibo/Public/Home/js/jquery-1.10.2.min.map
INFO: [ app_init ] --START--
INFO: Run Behavior\BuildLiteBehavior [ RunTime:0.000000s ]
INFO: [ app_init ] --END-- [ RunTime:0.000000s ]
INFO: [ app_begin ] --START--
INFO: Run Behavior\ReadHtmlCacheBehavior [ RunTime:0.001001s ]
INFO: [ app_begin ] --END-- [ RunTime:0.001001s ]
ERR: 无法加载控制器:Public

[ 2016-01-04T13:15:13+08:00 ] 127.0.0.1 /weibo/Index/index.html
INFO: [ app_init ] --START--
INFO: Run Behavior\BuildLiteBehavior [ RunTime:0.000000s ]
INFO: [ app_init ] --END-- [ RunTime:0.001000s ]
INFO: [ app_begin ] --START--
INFO: Run Behavior\ReadHtmlCacheBehavior [ RunTime:0.001000s ]
INFO: [ app_begin ] --END-- [ RunTime:0.001000s ]
SQL: DESCRIBE weibo_topic [ RunTime:0.003000s ]
SQL: DESCRIBE weibo_topic [ RunTime:0.005000s ]
SQL: SELECT a.id,a.content,a.content_over,a.create,a.uid,a.reid,a.recount,b.username,b.face,b.domain FROM weibo_topic a,weibo_user b WHERE ( a.uid=b.id ) ORDER BY a.create DESC LIMIT 0,10   [ RunTime:0.001000s ]
SQL: DESCRIBE weibo_image [ RunTime:0.003000s ]
SQL: SELECT `data` FROM `weibo_image` WHERE ( 1=1 AND tid='237' )  [ RunTime:0.001000s ]
SQL: SELECT `data` FROM `weibo_image` WHERE ( 1=1 AND tid='236' )  [ RunTime:0.000000s ]
SQL: SELECT `data` FROM `weibo_image` WHERE ( 1=1 AND tid='235' )  [ RunTime:0.000000s ]
SQL: SELECT `data` FROM `weibo_image` WHERE ( 1=1 AND tid='234' )  [ RunTime:0.001000s ]
SQL: SELECT `data` FROM `weibo_image` WHERE ( 1=1 AND tid='233' )  [ RunTime:0.000000s ]
SQL: SELECT `data` FROM `weibo_image` WHERE ( 1=1 AND tid='232' )  [ RunTime:0.000000s ]
SQL: SELECT `data` FROM `weibo_image` WHERE ( 1=1 AND tid='231' )  [ RunTime:0.001000s ]
SQL: SELECT `data` FROM `weibo_image` WHERE ( 1=1 AND tid='230' )  [ RunTime:0.000000s ]
SQL: SELECT `data` FROM `weibo_image` WHERE ( 1=1 AND tid='229' )  [ RunTime:0.000000s ]
SQL: SELECT `data` FROM `weibo_image` WHERE ( 1=1 AND tid='228' )  [ RunTime:0.001001s ]
INFO: [ view_parse ] --START--
INFO: [ template_filter ] --START--
INFO: Run Behavior\ContentReplaceBehavior [ RunTime:0.000000s ]
INFO: [ template_filter ] --END-- [ RunTime:0.000000s ]
NOTIC: [8] Undefined variable: referCount C:\xampp\htdocs\weibo\App\Runtime\Cache\Home\4ac420d3dd2cc5f43d5d2c667fdd4e91.php 第 54 行.
NOTIC: [8] Undefined variable: referCount C:\xampp\htdocs\weibo\App\Runtime\Cache\Home\4ac420d3dd2cc5f43d5d2c667fdd4e91.php 第 68 行.
NOTIC: [8] Undefined variable: referCount C:\xampp\htdocs\weibo\App\Runtime\Cache\Home\4ac420d3dd2cc5f43d5d2c667fdd4e91.php 第 70 行.
INFO: Run Behavior\ParseTemplateBehavior [ RunTime:0.016001s ]
INFO: [ view_parse ] --END-- [ RunTime:0.016001s ]
INFO: [ view_filter ] --START--
INFO: Run Behavior\WriteHtmlCacheBehavior [ RunTime:0.001000s ]
INFO: [ view_filter ] --END-- [ RunTime:0.001000s ]
INFO: [ app_end ] --START--
INFO: Run Behavior\ShowPageTraceBehavior [ RunTime:0.001000s ]
INFO: [ app_end ] --END-- [ RunTime:0.001000s ]

[ 2016-01-04T13:15:13+08:00 ] 127.0.0.1 /weibo/Home/Home/getRefer
INFO: [ app_init ] --START--
INFO: Run Behavior\BuildLiteBehavior [ RunTime:0.000000s ]
INFO: [ app_init ] --END-- [ RunTime:0.000000s ]
INFO: [ app_begin ] --START--
INFO: Run Behavior\ReadHtmlCacheBehavior [ RunTime:0.001000s ]
INFO: [ app_begin ] --END-- [ RunTime:0.001000s ]
INFO: [ app_end ] --START--
INFO: Run Behavior\ShowPageTraceBehavior [ RunTime:0.001000s ]
INFO: [ app_end ] --END-- [ RunTime:0.001000s ]

[ 2016-01-04T13:15:13+08:00 ] 127.0.0.1 /weibo/Home/Topic/ajaxCount
INFO: [ app_init ] --START--
INFO: Run Behavior\BuildLiteBehavior [ RunTime:0.000000s ]
INFO: [ app_init ] --END-- [ RunTime:0.000000s ]
INFO: [ app_begin ] --START--
INFO: Run Behavior\ReadHtmlCacheBehavior [ RunTime:0.000000s ]
INFO: [ app_begin ] --END-- [ RunTime:0.000000s ]
SQL: DESCRIBE weibo_topic [ RunTime:0.003000s ]
SQL: SELECT COUNT(*) AS tp_count FROM `weibo_topic` WHERE ( 1=1 ) LIMIT 1   [ RunTime:0.000000s ]
INFO: [ app_end ] --START--
INFO: Run Behavior\ShowPageTraceBehavior [ RunTime:0.001000s ]
INFO: [ app_end ] --END-- [ RunTime:0.001000s ]

[ 2016-01-04T13:15:13+08:00 ] 127.0.0.1 /weibo/Home/Index/getWeibo
INFO: [ app_init ] --START--
INFO: Run Behavior\BuildLiteBehavior [ RunTime:0.000000s ]
INFO: [ app_init ] --END-- [ RunTime:0.001001s ]
INFO: [ app_begin ] --START--
INFO: Run Behavior\ReadHtmlCacheBehavior [ RunTime:0.002000s ]
INFO: [ app_begin ] --END-- [ RunTime:0.002000s ]
NOTIC: [2] array_merge(): Argument #1 is not an array C:\xampp\htdocs\weibo\App\Home\Controller\IndexController.class.php 第 21 行.
NOTIC: [2] Invalid argument supplied for foreach() C:\xampp\htdocs\weibo\App\Home\Controller\IndexController.class.php 第 22 行.

