[ 2016-11-05T09:15:19+08:00 ] 127.0.0.1 /weibo/
INFO: [ app_init ] --START--
INFO: Run Behavior\BuildLiteBehavior [ RunTime:0.000000s ]
INFO: [ app_init ] --END-- [ RunTime:0.001000s ]
INFO: [ app_begin ] --START--
INFO: Run Behavior\ReadHtmlCacheBehavior [ RunTime:0.001000s ]
INFO: [ app_begin ] --END-- [ RunTime:0.001000s ]

[ 2016-11-05T09:15:19+08:00 ] 127.0.0.1 /weibo/Login/index.html
INFO: [ app_init ] --START--
INFO: Run Behavior\BuildLiteBehavior [ RunTime:0.000000s ]
INFO: [ app_init ] --END-- [ RunTime:0.001000s ]
INFO: [ app_begin ] --START--
INFO: Run Behavior\ReadHtmlCacheBehavior [ RunTime:0.000000s ]
INFO: [ app_begin ] --END-- [ RunTime:0.001000s ]
INFO: [ view_parse ] --START--
INFO: [ template_filter ] --START--
INFO: Run Behavior\ContentReplaceBehavior [ RunTime:0.000000s ]
INFO: [ template_filter ] --END-- [ RunTime:0.000000s ]
INFO: Run Behavior\ParseTemplateBehavior [ RunTime:0.010001s ]
INFO: [ view_parse ] --END-- [ RunTime:0.011001s ]
INFO: [ view_filter ] --START--
INFO: Run Behavior\WriteHtmlCacheBehavior [ RunTime:0.002000s ]
INFO: [ view_filter ] --END-- [ RunTime:0.002000s ]
INFO: [ app_end ] --START--
INFO: Run Behavior\ShowPageTraceBehavior [ RunTime:0.001000s ]
INFO: [ app_end ] --END-- [ RunTime:0.001000s ]

[ 2016-11-05T09:15:19+08:00 ] 127.0.0.1 /weibo/Login/verify.html?a=b
INFO: [ app_init ] --START--
INFO: Run Behavior\BuildLiteBehavior [ RunTime:0.000000s ]
INFO: [ app_init ] --END-- [ RunTime:0.001000s ]
INFO: [ app_begin ] --START--
INFO: Run Behavior\ReadHtmlCacheBehavior [ RunTime:0.000000s ]
INFO: [ app_begin ] --END-- [ RunTime:0.000000s ]
INFO: [ app_end ] --START--
INFO: Run Behavior\ShowPageTraceBehavior [ RunTime:0.001000s ]
INFO: [ app_end ] --END-- [ RunTime:0.001000s ]

[ 2016-11-05T09:15:26+08:00 ] 127.0.0.1 /weibo/Home/User/checkVerify
INFO: [ app_init ] --START--
INFO: Run Behavior\BuildLiteBehavior [ RunTime:0.000000s ]
INFO: [ app_init ] --END-- [ RunTime:0.001000s ]
INFO: [ app_begin ] --START--
INFO: Run Behavior\ReadHtmlCacheBehavior [ RunTime:0.001000s ]
INFO: [ app_begin ] --END-- [ RunTime:0.001000s ]
SQL: DESCRIBE weibo_user [ RunTime:0.008000s ]
NOTIC: [2] sha1() expects at least 1 parameter, 0 given C:\wamp\www\weibo\ThinkPHP\Library\Think\Model.class.php 第 1013 行.
INFO: [ app_end ] --START--
INFO: Run Behavior\ShowPageTraceBehavior [ RunTime:0.001000s ]
INFO: [ app_end ] --END-- [ RunTime:0.001000s ]

[ 2016-11-05T09:15:26+08:00 ] 127.0.0.1 /weibo/Home/User/login
INFO: [ app_init ] --START--
INFO: Run Behavior\BuildLiteBehavior [ RunTime:0.000000s ]
INFO: [ app_init ] --END-- [ RunTime:0.000000s ]
INFO: [ app_begin ] --START--
INFO: Run Behavior\ReadHtmlCacheBehavior [ RunTime:0.001000s ]
INFO: [ app_begin ] --END-- [ RunTime:0.001000s ]
SQL: DESCRIBE weibo_user [ RunTime:0.001000s ]
SQL: SELECT `id`,`username`,`password`,`face` FROM `weibo_user` WHERE `username` = 'admin' LIMIT 1   [ RunTime:0.002000s ]
INFO: [ app_end ] --START--
INFO: Run Behavior\ShowPageTraceBehavior [ RunTime:0.001000s ]
INFO: [ app_end ] --END-- [ RunTime:0.001000s ]

[ 2016-11-05T09:15:34+08:00 ] 127.0.0.1 /weibo/Home/User/login
INFO: [ app_init ] --START--
INFO: Run Behavior\BuildLiteBehavior [ RunTime:0.000000s ]
INFO: [ app_init ] --END-- [ RunTime:0.001000s ]
INFO: [ app_begin ] --START--
INFO: Run Behavior\ReadHtmlCacheBehavior [ RunTime:0.001000s ]
INFO: [ app_begin ] --END-- [ RunTime:0.001000s ]
SQL: DESCRIBE weibo_user [ RunTime:0.001000s ]
SQL: SELECT `id`,`username`,`password`,`face` FROM `weibo_user` WHERE `username` = '蜡笔小新' LIMIT 1   [ RunTime:0.004000s ]
SQL: UPDATE `weibo_user` SET `last_login`=1478308534,`last_ip`='2130706433' WHERE `id` = '7' [ RunTime:0.002000s ]
INFO: [ app_end ] --START--
INFO: Run Behavior\ShowPageTraceBehavior [ RunTime:0.001000s ]
INFO: [ app_end ] --END-- [ RunTime:0.001000s ]

[ 2016-11-05T09:15:35+08:00 ] 127.0.0.1 /weibo/Index/index.html
INFO: [ app_init ] --START--
INFO: Run Behavior\BuildLiteBehavior [ RunTime:0.000000s ]
INFO: [ app_init ] --END-- [ RunTime:0.001000s ]
INFO: [ app_begin ] --START--
INFO: Run Behavior\ReadHtmlCacheBehavior [ RunTime:0.001000s ]
INFO: [ app_begin ] --END-- [ RunTime:0.001000s ]
SQL: DESCRIBE weibo_topic [ RunTime:0.002000s ]
SQL: DESCRIBE weibo_topic [ RunTime:0.000000s ]
SQL: SELECT a.id,a.content,a.content_over,a.create,a.uid,a.reid,a.recount,b.username,b.face,b.domain FROM weibo_topic a,weibo_user b WHERE ( a.uid=b.id ) ORDER BY a.create DESC LIMIT 0,10   [ RunTime:0.002000s ]
SQL: DESCRIBE weibo_image [ RunTime:0.002000s ]
SQL: SELECT `data` FROM `weibo_image` WHERE ( 1=1 AND tid='240' )  [ RunTime:0.002000s ]
SQL: SELECT `data` FROM `weibo_image` WHERE ( 1=1 AND tid='239' )  [ RunTime:0.000000s ]
SQL: SELECT `data` FROM `weibo_image` WHERE ( 1=1 AND tid='238' )  [ RunTime:0.000000s ]
SQL: SELECT `data` FROM `weibo_image` WHERE ( 1=1 AND tid='237' )  [ RunTime:0.000000s ]
SQL: SELECT `data` FROM `weibo_image` WHERE ( 1=1 AND tid='236' )  [ RunTime:0.001001s ]
SQL: SELECT `data` FROM `weibo_image` WHERE ( 1=1 AND tid='235' )  [ RunTime:0.000000s ]
SQL: SELECT `data` FROM `weibo_image` WHERE ( 1=1 AND tid='234' )  [ RunTime:0.000000s ]
SQL: SELECT `data` FROM `weibo_image` WHERE ( 1=1 AND tid='233' )  [ RunTime:0.001000s ]
SQL: SELECT `data` FROM `weibo_image` WHERE ( 1=1 AND tid='232' )  [ RunTime:0.000000s ]
SQL: SELECT `data` FROM `weibo_image` WHERE ( 1=1 AND tid='231' )  [ RunTime:0.000000s ]
INFO: [ view_parse ] --START--
INFO: [ template_filter ] --START--
INFO: Run Behavior\ContentReplaceBehavior [ RunTime:0.000000s ]
INFO: [ template_filter ] --END-- [ RunTime:0.001000s ]
NOTIC: [8] Undefined variable: referCount C:\wamp\www\weibo\App\Runtime\Cache\Home\4ac420d3dd2cc5f43d5d2c667fdd4e91.php 第 54 行.
NOTIC: [8] Undefined variable: referCount C:\wamp\www\weibo\App\Runtime\Cache\Home\4ac420d3dd2cc5f43d5d2c667fdd4e91.php 第 68 行.
NOTIC: [8] Undefined variable: referCount C:\wamp\www\weibo\App\Runtime\Cache\Home\4ac420d3dd2cc5f43d5d2c667fdd4e91.php 第 70 行.
INFO: Run Behavior\ParseTemplateBehavior [ RunTime:0.035002s ]
INFO: [ view_parse ] --END-- [ RunTime:0.035002s ]
INFO: [ view_filter ] --START--
INFO: Run Behavior\WriteHtmlCacheBehavior [ RunTime:0.001000s ]
INFO: [ view_filter ] --END-- [ RunTime:0.001000s ]
INFO: [ app_end ] --START--
INFO: Run Behavior\ShowPageTraceBehavior [ RunTime:0.001000s ]
INFO: [ app_end ] --END-- [ RunTime:0.001000s ]

[ 2016-11-05T09:15:35+08:00 ] 127.0.0.1 /weibo/Index/index.html
INFO: [ app_init ] --START--
INFO: Run Behavior\BuildLiteBehavior [ RunTime:0.000000s ]
INFO: [ app_init ] --END-- [ RunTime:0.003000s ]
INFO: [ app_begin ] --START--
INFO: Run Behavior\ReadHtmlCacheBehavior [ RunTime:0.001001s ]
INFO: [ app_begin ] --END-- [ RunTime:0.001001s ]
SQL: DESCRIBE weibo_topic [ RunTime:0.002001s ]
SQL: DESCRIBE weibo_topic [ RunTime:0.001000s ]
SQL: SELECT a.id,a.content,a.content_over,a.create,a.uid,a.reid,a.recount,b.username,b.face,b.domain FROM weibo_topic a,weibo_user b WHERE ( a.uid=b.id ) ORDER BY a.create DESC LIMIT 0,10   [ RunTime:0.001000s ]
SQL: DESCRIBE weibo_image [ RunTime:0.004000s ]
SQL: SELECT `data` FROM `weibo_image` WHERE ( 1=1 AND tid='240' )  [ RunTime:0.001001s ]
SQL: SELECT `data` FROM `weibo_image` WHERE ( 1=1 AND tid='239' )  [ RunTime:0.002000s ]
SQL: SELECT `data` FROM `weibo_image` WHERE ( 1=1 AND tid='238' )  [ RunTime:0.000000s ]
SQL: SELECT `data` FROM `weibo_image` WHERE ( 1=1 AND tid='237' )  [ RunTime:0.000000s ]
SQL: SELECT `data` FROM `weibo_image` WHERE ( 1=1 AND tid='236' )  [ RunTime:0.000000s ]
SQL: SELECT `data` FROM `weibo_image` WHERE ( 1=1 AND tid='235' )  [ RunTime:0.003001s ]
SQL: SELECT `data` FROM `weibo_image` WHERE ( 1=1 AND tid='234' )  [ RunTime:0.001000s ]
SQL: SELECT `data` FROM `weibo_image` WHERE ( 1=1 AND tid='233' )  [ RunTime:0.001000s ]
SQL: SELECT `data` FROM `weibo_image` WHERE ( 1=1 AND tid='232' )  [ RunTime:0.000000s ]
SQL: SELECT `data` FROM `weibo_image` WHERE ( 1=1 AND tid='231' )  [ RunTime:0.001000s ]
INFO: [ view_parse ] --START--
INFO: [ template_filter ] --START--
INFO: Run Behavior\ContentReplaceBehavior [ RunTime:0.000000s ]
INFO: [ template_filter ] --END-- [ RunTime:0.000000s ]
NOTIC: [8] Undefined variable: referCount C:\wamp\www\weibo\App\Runtime\Cache\Home\4ac420d3dd2cc5f43d5d2c667fdd4e91.php 第 54 行.
NOTIC: [8] Undefined variable: referCount C:\wamp\www\weibo\App\Runtime\Cache\Home\4ac420d3dd2cc5f43d5d2c667fdd4e91.php 第 68 行.
NOTIC: [8] Undefined variable: referCount C:\wamp\www\weibo\App\Runtime\Cache\Home\4ac420d3dd2cc5f43d5d2c667fdd4e91.php 第 70 行.
INFO: Run Behavior\ParseTemplateBehavior [ RunTime:0.034002s ]
INFO: [ view_parse ] --END-- [ RunTime:0.034002s ]
INFO: [ view_filter ] --START--
INFO: Run Behavior\WriteHtmlCacheBehavior [ RunTime:0.001000s ]
INFO: [ view_filter ] --END-- [ RunTime:0.001000s ]
INFO: [ app_end ] --START--
INFO: Run Behavior\ShowPageTraceBehavior [ RunTime:0.001000s ]
INFO: [ app_end ] --END-- [ RunTime:0.001000s ]

[ 2016-11-05T09:15:36+08:00 ] 127.0.0.1 /weibo/Home/Topic/ajaxCount
INFO: [ app_init ] --START--
INFO: Run Behavior\BuildLiteBehavior [ RunTime:0.000000s ]
INFO: [ app_init ] --END-- [ RunTime:0.001000s ]
INFO: [ app_begin ] --START--
INFO: Run Behavior\ReadHtmlCacheBehavior [ RunTime:0.001000s ]
INFO: [ app_begin ] --END-- [ RunTime:0.001000s ]
SQL: DESCRIBE weibo_topic [ RunTime:0.001000s ]
SQL: SELECT COUNT(*) AS tp_count FROM `weibo_topic` WHERE ( 1=1 ) LIMIT 1   [ RunTime:0.001000s ]
INFO: [ app_end ] --START--
INFO: Run Behavior\ShowPageTraceBehavior [ RunTime:0.001000s ]
INFO: [ app_end ] --END-- [ RunTime:0.001000s ]

[ 2016-11-05T09:15:36+08:00 ] 127.0.0.1 /weibo/Home/Index/getWeibo
INFO: [ app_init ] --START--
INFO: Run Behavior\BuildLiteBehavior [ RunTime:0.000000s ]
INFO: [ app_init ] --END-- [ RunTime:0.001000s ]
INFO: [ app_begin ] --START--
INFO: Run Behavior\ReadHtmlCacheBehavior [ RunTime:0.001000s ]
INFO: [ app_begin ] --END-- [ RunTime:0.001000s ]
NOTIC: [2] array_merge(): Argument #1 is not an array C:\wamp\www\weibo\App\Home\Controller\IndexController.class.php 第 21 行.
NOTIC: [2] Invalid argument supplied for foreach() C:\wamp\www\weibo\App\Home\Controller\IndexController.class.php 第 22 行.

[ 2016-11-05T09:15:36+08:00 ] 127.0.0.1 /weibo/Home/Home/getRefer
INFO: [ app_init ] --START--
INFO: Run Behavior\BuildLiteBehavior [ RunTime:0.000000s ]
INFO: [ app_init ] --END-- [ RunTime:0.000000s ]
INFO: [ app_begin ] --START--
INFO: Run Behavior\ReadHtmlCacheBehavior [ RunTime:0.000000s ]
INFO: [ app_begin ] --END-- [ RunTime:0.001000s ]
INFO: [ app_end ] --START--
INFO: Run Behavior\ShowPageTraceBehavior [ RunTime:0.000000s ]
INFO: [ app_end ] --END-- [ RunTime:0.000000s ]

[ 2016-11-05T09:15:42+08:00 ] 127.0.0.1 /weibo/Setting/index.html
INFO: [ app_init ] --START--
INFO: Run Behavior\BuildLiteBehavior [ RunTime:0.001000s ]
INFO: [ app_init ] --END-- [ RunTime:0.001000s ]
INFO: [ app_begin ] --START--
INFO: Run Behavior\ReadHtmlCacheBehavior [ RunTime:0.001000s ]
INFO: [ app_begin ] --END-- [ RunTime:0.001000s ]
SQL: DESCRIBE weibo_user [ RunTime:0.001000s ]
SQL: SELECT `id`,`username`,`email`,`face`,`domain` FROM `weibo_user` WHERE `id` = 7 LIMIT 1   [ RunTime:0.000000s ]
SQL: DESCRIBE weibo_user_extend [ RunTime:0.002000s ]
SQL: SELECT `intro` FROM `weibo_user_extend` WHERE ( 1=1 AND uid='7' ) LIMIT 1   [ RunTime:0.000000s ]
INFO: [ view_parse ] --START--
INFO: [ template_filter ] --START--
INFO: Run Behavior\ContentReplaceBehavior [ RunTime:0.000000s ]
INFO: [ template_filter ] --END-- [ RunTime:0.001000s ]
NOTIC: [8] Undefined variable: referCount C:\wamp\www\weibo\App\Runtime\Cache\Home\52d0339a4f0cc5bc47db43e4f3703f43.php 第 48 行.
NOTIC: [8] Undefined variable: referCount C:\wamp\www\weibo\App\Runtime\Cache\Home\52d0339a4f0cc5bc47db43e4f3703f43.php 第 62 行.
NOTIC: [8] Undefined variable: referCount C:\wamp\www\weibo\App\Runtime\Cache\Home\52d0339a4f0cc5bc47db43e4f3703f43.php 第 64 行.
INFO: Run Behavior\ParseTemplateBehavior [ RunTime:0.020001s ]
INFO: [ view_parse ] --END-- [ RunTime:0.020001s ]
INFO: [ view_filter ] --START--
INFO: Run Behavior\WriteHtmlCacheBehavior [ RunTime:0.001000s ]
INFO: [ view_filter ] --END-- [ RunTime:0.001000s ]
INFO: [ app_end ] --START--
INFO: Run Behavior\ShowPageTraceBehavior [ RunTime:0.001000s ]
INFO: [ app_end ] --END-- [ RunTime:0.001000s ]

[ 2016-11-05T09:15:42+08:00 ] 127.0.0.1 /weibo/Home/Home/getRefer
INFO: [ app_init ] --START--
INFO: Run Behavior\BuildLiteBehavior [ RunTime:0.000000s ]
INFO: [ app_init ] --END-- [ RunTime:0.001000s ]
INFO: [ app_begin ] --START--
INFO: Run Behavior\ReadHtmlCacheBehavior [ RunTime:0.001000s ]
INFO: [ app_begin ] --END-- [ RunTime:0.001000s ]
INFO: [ app_end ] --START--
INFO: Run Behavior\ShowPageTraceBehavior [ RunTime:0.001000s ]
INFO: [ app_end ] --END-- [ RunTime:0.002000s ]

[ 2016-11-05T09:15:47+08:00 ] 127.0.0.1 /weibo/Setting/index.html
INFO: [ app_init ] --START--
INFO: Run Behavior\BuildLiteBehavior [ RunTime:0.000000s ]
INFO: [ app_init ] --END-- [ RunTime:0.001000s ]
INFO: [ app_begin ] --START--
INFO: Run Behavior\ReadHtmlCacheBehavior [ RunTime:0.001000s ]
INFO: [ app_begin ] --END-- [ RunTime:0.001000s ]
SQL: DESCRIBE weibo_user [ RunTime:0.001000s ]
SQL: SELECT `id`,`username`,`email`,`face`,`domain` FROM `weibo_user` WHERE `id` = 7 LIMIT 1   [ RunTime:0.001000s ]
SQL: DESCRIBE weibo_user_extend [ RunTime:0.001000s ]
SQL: SELECT `intro` FROM `weibo_user_extend` WHERE ( 1=1 AND uid='7' ) LIMIT 1   [ RunTime:0.001000s ]
INFO: [ view_parse ] --START--
INFO: [ template_filter ] --START--
INFO: Run Behavior\ContentReplaceBehavior [ RunTime:0.001000s ]
INFO: [ template_filter ] --END-- [ RunTime:0.001000s ]
NOTIC: [8] Undefined variable: referCount C:\wamp\www\weibo\App\Runtime\Cache\Home\52d0339a4f0cc5bc47db43e4f3703f43.php 第 48 行.
NOTIC: [8] Undefined variable: referCount C:\wamp\www\weibo\App\Runtime\Cache\Home\52d0339a4f0cc5bc47db43e4f3703f43.php 第 62 行.
NOTIC: [8] Undefined variable: referCount C:\wamp\www\weibo\App\Runtime\Cache\Home\52d0339a4f0cc5bc47db43e4f3703f43.php 第 64 行.
INFO: Run Behavior\ParseTemplateBehavior [ RunTime:0.022001s ]
INFO: [ view_parse ] --END-- [ RunTime:0.022001s ]
INFO: [ view_filter ] --START--
INFO: Run Behavior\WriteHtmlCacheBehavior [ RunTime:0.001000s ]
INFO: [ view_filter ] --END-- [ RunTime:0.001000s ]
INFO: [ app_end ] --START--
INFO: Run Behavior\ShowPageTraceBehavior [ RunTime:0.001000s ]
INFO: [ app_end ] --END-- [ RunTime:0.001000s ]

[ 2016-11-05T09:15:47+08:00 ] 127.0.0.1 /weibo/Home/Home/getRefer
INFO: [ app_init ] --START--
INFO: Run Behavior\BuildLiteBehavior [ RunTime:0.000000s ]
INFO: [ app_init ] --END-- [ RunTime:0.001000s ]
INFO: [ app_begin ] --START--
INFO: Run Behavior\ReadHtmlCacheBehavior [ RunTime:0.001000s ]
INFO: [ app_begin ] --END-- [ RunTime:0.001000s ]
INFO: [ app_end ] --START--
INFO: Run Behavior\ShowPageTraceBehavior [ RunTime:0.001000s ]
INFO: [ app_end ] --END-- [ RunTime:0.001000s ]

[ 2016-11-05T09:15:48+08:00 ] 127.0.0.1 /weibo/Setting/avatar.html
INFO: [ app_init ] --START--
INFO: Run Behavior\BuildLiteBehavior [ RunTime:0.000000s ]
INFO: [ app_init ] --END-- [ RunTime:0.001000s ]
INFO: [ app_begin ] --START--
INFO: Run Behavior\ReadHtmlCacheBehavior [ RunTime:0.002000s ]
INFO: [ app_begin ] --END-- [ RunTime:0.002000s ]
SQL: DESCRIBE weibo_user [ RunTime:0.001000s ]
SQL: SELECT `face` FROM `weibo_user` WHERE `id` = 7 LIMIT 1   [ RunTime:0.001000s ]
INFO: [ view_parse ] --START--
INFO: [ template_filter ] --START--
INFO: Run Behavior\ContentReplaceBehavior [ RunTime:0.000000s ]
INFO: [ template_filter ] --END-- [ RunTime:0.000000s ]
NOTIC: [8] Undefined variable: referCount C:\wamp\www\weibo\App\Runtime\Cache\Home\f64a030b2e7a7d354780c4b055210388.php 第 53 行.
NOTIC: [8] Undefined variable: referCount C:\wamp\www\weibo\App\Runtime\Cache\Home\f64a030b2e7a7d354780c4b055210388.php 第 67 行.
NOTIC: [8] Undefined variable: referCount C:\wamp\www\weibo\App\Runtime\Cache\Home\f64a030b2e7a7d354780c4b055210388.php 第 69 行.
INFO: Run Behavior\ParseTemplateBehavior [ RunTime:0.017001s ]
INFO: [ view_parse ] --END-- [ RunTime:0.018001s ]
INFO: [ view_filter ] --START--
INFO: Run Behavior\WriteHtmlCacheBehavior [ RunTime:0.001000s ]
INFO: [ view_filter ] --END-- [ RunTime:0.001000s ]
INFO: [ app_end ] --START--
INFO: Run Behavior\ShowPageTraceBehavior [ RunTime:0.001000s ]
INFO: [ app_end ] --END-- [ RunTime:0.001000s ]

[ 2016-11-05T09:15:48+08:00 ] 127.0.0.1 /weibo/Home/Home/getRefer
INFO: [ app_init ] --START--
INFO: Run Behavior\BuildLiteBehavior [ RunTime:0.000000s ]
INFO: [ app_init ] --END-- [ RunTime:0.000000s ]
INFO: [ app_begin ] --START--
INFO: Run Behavior\ReadHtmlCacheBehavior [ RunTime:0.001000s ]
INFO: [ app_begin ] --END-- [ RunTime:0.001000s ]
INFO: [ app_end ] --START--
INFO: Run Behavior\ShowPageTraceBehavior [ RunTime:0.001000s ]
INFO: [ app_end ] --END-- [ RunTime:0.001000s ]

[ 2016-11-05T09:15:49+08:00 ] 127.0.0.1 /weibo/Setting/
INFO: [ app_init ] --START--
INFO: Run Behavior\BuildLiteBehavior [ RunTime:0.000000s ]
INFO: [ app_init ] --END-- [ RunTime:0.000000s ]
INFO: [ app_begin ] --START--
INFO: Run Behavior\ReadHtmlCacheBehavior [ RunTime:0.000000s ]
INFO: [ app_begin ] --END-- [ RunTime:0.001000s ]
SQL: DESCRIBE weibo_user [ RunTime:0.001000s ]
SQL: SELECT `id`,`username`,`email`,`face`,`domain` FROM `weibo_user` WHERE `id` = 7 LIMIT 1   [ RunTime:0.000000s ]
SQL: DESCRIBE weibo_user_extend [ RunTime:0.000000s ]
SQL: SELECT `intro` FROM `weibo_user_extend` WHERE ( 1=1 AND uid='7' ) LIMIT 1   [ RunTime:0.000000s ]
INFO: [ view_parse ] --START--
INFO: [ template_filter ] --START--
INFO: Run Behavior\ContentReplaceBehavior [ RunTime:0.000000s ]
INFO: [ template_filter ] --END-- [ RunTime:0.000000s ]
NOTIC: [8] Undefined variable: referCount C:\wamp\www\weibo\App\Runtime\Cache\Home\52d0339a4f0cc5bc47db43e4f3703f43.php 第 48 行.
NOTIC: [8] Undefined variable: referCount C:\wamp\www\weibo\App\Runtime\Cache\Home\52d0339a4f0cc5bc47db43e4f3703f43.php 第 62 行.
NOTIC: [8] Undefined variable: referCount C:\wamp\www\weibo\App\Runtime\Cache\Home\52d0339a4f0cc5bc47db43e4f3703f43.php 第 64 行.
INFO: Run Behavior\ParseTemplateBehavior [ RunTime:0.017001s ]
INFO: [ view_parse ] --END-- [ RunTime:0.017001s ]
INFO: [ view_filter ] --START--
INFO: Run Behavior\WriteHtmlCacheBehavior [ RunTime:0.001001s ]
INFO: [ view_filter ] --END-- [ RunTime:0.001001s ]
INFO: [ app_end ] --START--
INFO: Run Behavior\ShowPageTraceBehavior [ RunTime:0.001000s ]
INFO: [ app_end ] --END-- [ RunTime:0.001000s ]

[ 2016-11-05T09:16:01+08:00 ] 127.0.0.1 /weibo/File/face.html
INFO: [ app_init ] --START--
INFO: Run Behavior\BuildLiteBehavior [ RunTime:0.000000s ]
INFO: [ app_init ] --END-- [ RunTime:0.001000s ]
INFO: [ app_begin ] --START--
INFO: Run Behavior\ReadHtmlCacheBehavior [ RunTime:0.000000s ]
INFO: [ app_begin ] --END-- [ RunTime:0.001000s ]
SQL: DESCRIBE weibo_file [ RunTime:0.000000s ]
ERR: 1146:Table 'weibo.weibo_file' doesn't exist
 [ SQL语句 ] : DESCRIBE weibo_file
NOTIC: [2] call_user_func() expects parameter 1 to be a valid callback, no array or string given C:\wamp\www\weibo\ThinkPHP\Library\Think\Upload.class.php 第 170 行.

[ 2016-11-05T09:16:05+08:00 ] 127.0.0.1 /weibo/Home/File/crop
INFO: [ app_init ] --START--
INFO: Run Behavior\BuildLiteBehavior [ RunTime:0.001000s ]
INFO: [ app_init ] --END-- [ RunTime:0.001000s ]
INFO: [ app_begin ] --START--
INFO: Run Behavior\ReadHtmlCacheBehavior [ RunTime:0.001000s ]
INFO: [ app_begin ] --END-- [ RunTime:0.002000s ]
SQL: DESCRIBE weibo_file [ RunTime:0.001000s ]
ERR: 1146:Table 'weibo.weibo_file' doesn't exist
 [ SQL语句 ] : DESCRIBE weibo_file
SQL: DESCRIBE weibo_user [ RunTime:0.001000s ]
SQL: UPDATE `weibo_user` SET `face`='{\"big\":\".\\/Uploads\\/face\\/7.jpg\",\"small\":\".\\/Uploads\\/face\\/7_small.jpg\"}' WHERE `id` = 7 [ RunTime:0.000000s ]
INFO: [ app_end ] --START--
INFO: Run Behavior\ShowPageTraceBehavior [ RunTime:0.001000s ]
INFO: [ app_end ] --END-- [ RunTime:0.002000s ]

[ 2016-11-05T09:16:05+08:00 ] 127.0.0.1 /weibo/Setting/
INFO: [ app_init ] --START--
INFO: Run Behavior\BuildLiteBehavior [ RunTime:0.000000s ]
INFO: [ app_init ] --END-- [ RunTime:0.001001s ]
INFO: [ app_begin ] --START--
INFO: Run Behavior\ReadHtmlCacheBehavior [ RunTime:0.001000s ]
INFO: [ app_begin ] --END-- [ RunTime:0.001000s ]
SQL: DESCRIBE weibo_user [ RunTime:0.001000s ]
SQL: SELECT `id`,`username`,`email`,`face`,`domain` FROM `weibo_user` WHERE `id` = 7 LIMIT 1   [ RunTime:0.000000s ]
SQL: DESCRIBE weibo_user_extend [ RunTime:0.001000s ]
SQL: SELECT `intro` FROM `weibo_user_extend` WHERE ( 1=1 AND uid='7' ) LIMIT 1   [ RunTime:0.000000s ]
INFO: [ view_parse ] --START--
INFO: [ template_filter ] --START--
INFO: Run Behavior\ContentReplaceBehavior [ RunTime:0.000000s ]
INFO: [ template_filter ] --END-- [ RunTime:0.000000s ]
NOTIC: [8] Undefined variable: referCount C:\wamp\www\weibo\App\Runtime\Cache\Home\52d0339a4f0cc5bc47db43e4f3703f43.php 第 48 行.
NOTIC: [8] Undefined variable: referCount C:\wamp\www\weibo\App\Runtime\Cache\Home\52d0339a4f0cc5bc47db43e4f3703f43.php 第 62 行.
NOTIC: [8] Undefined variable: referCount C:\wamp\www\weibo\App\Runtime\Cache\Home\52d0339a4f0cc5bc47db43e4f3703f43.php 第 64 行.
INFO: Run Behavior\ParseTemplateBehavior [ RunTime:0.016001s ]
INFO: [ view_parse ] --END-- [ RunTime:0.016001s ]
INFO: [ view_filter ] --START--
INFO: Run Behavior\WriteHtmlCacheBehavior [ RunTime:0.001000s ]
INFO: [ view_filter ] --END-- [ RunTime:0.001000s ]
INFO: [ app_end ] --START--
INFO: Run Behavior\ShowPageTraceBehavior [ RunTime:0.001000s ]
INFO: [ app_end ] --END-- [ RunTime:0.001000s ]

[ 2016-11-05T09:16:12+08:00 ] 127.0.0.1 /weibo/File/face.html
INFO: [ app_init ] --START--
INFO: Run Behavior\BuildLiteBehavior [ RunTime:0.000000s ]
INFO: [ app_init ] --END-- [ RunTime:0.000000s ]
INFO: [ app_begin ] --START--
INFO: Run Behavior\ReadHtmlCacheBehavior [ RunTime:0.001000s ]
INFO: [ app_begin ] --END-- [ RunTime:0.001000s ]
SQL: DESCRIBE weibo_file [ RunTime:0.000000s ]
ERR: 1146:Table 'weibo.weibo_file' doesn't exist
 [ SQL语句 ] : DESCRIBE weibo_file
NOTIC: [2] call_user_func() expects parameter 1 to be a valid callback, no array or string given C:\wamp\www\weibo\ThinkPHP\Library\Think\Upload.class.php 第 170 行.

[ 2016-11-05T09:16:16+08:00 ] 127.0.0.1 /weibo/Home/File/crop
INFO: [ app_init ] --START--
INFO: Run Behavior\BuildLiteBehavior [ RunTime:0.000000s ]
INFO: [ app_init ] --END-- [ RunTime:0.002001s ]
INFO: [ app_begin ] --START--
INFO: Run Behavior\ReadHtmlCacheBehavior [ RunTime:0.003000s ]
INFO: [ app_begin ] --END-- [ RunTime:0.003000s ]
SQL: DESCRIBE weibo_file [ RunTime:0.001000s ]
ERR: 1146:Table 'weibo.weibo_file' doesn't exist
 [ SQL语句 ] : DESCRIBE weibo_file
SQL: DESCRIBE weibo_user [ RunTime:0.001000s ]
SQL: UPDATE `weibo_user` SET `face`='{\"big\":\".\\/Uploads\\/face\\/7.jpg\",\"small\":\".\\/Uploads\\/face\\/7_small.jpg\"}' WHERE `id` = 7 [ RunTime:0.000000s ]
INFO: [ app_end ] --START--
INFO: Run Behavior\ShowPageTraceBehavior [ RunTime:0.002000s ]
INFO: [ app_end ] --END-- [ RunTime:0.002000s ]

[ 2016-11-05T09:16:16+08:00 ] 127.0.0.1 /weibo/Setting/
INFO: [ app_init ] --START--
INFO: Run Behavior\BuildLiteBehavior [ RunTime:0.000000s ]
INFO: [ app_init ] --END-- [ RunTime:0.001000s ]
INFO: [ app_begin ] --START--
INFO: Run Behavior\ReadHtmlCacheBehavior [ RunTime:0.002000s ]
INFO: [ app_begin ] --END-- [ RunTime:0.002000s ]
SQL: DESCRIBE weibo_user [ RunTime:0.001000s ]
SQL: SELECT `id`,`username`,`email`,`face`,`domain` FROM `weibo_user` WHERE `id` = 7 LIMIT 1   [ RunTime:0.000000s ]
SQL: DESCRIBE weibo_user_extend [ RunTime:0.001000s ]
SQL: SELECT `intro` FROM `weibo_user_extend` WHERE ( 1=1 AND uid='7' ) LIMIT 1   [ RunTime:0.000000s ]
INFO: [ view_parse ] --START--
INFO: [ template_filter ] --START--
INFO: Run Behavior\ContentReplaceBehavior [ RunTime:0.000000s ]
INFO: [ template_filter ] --END-- [ RunTime:0.000000s ]
NOTIC: [8] Undefined variable: referCount C:\wamp\www\weibo\App\Runtime\Cache\Home\52d0339a4f0cc5bc47db43e4f3703f43.php 第 48 行.
NOTIC: [8] Undefined variable: referCount C:\wamp\www\weibo\App\Runtime\Cache\Home\52d0339a4f0cc5bc47db43e4f3703f43.php 第 62 行.
NOTIC: [8] Undefined variable: referCount C:\wamp\www\weibo\App\Runtime\Cache\Home\52d0339a4f0cc5bc47db43e4f3703f43.php 第 64 行.
INFO: Run Behavior\ParseTemplateBehavior [ RunTime:0.022001s ]
INFO: [ view_parse ] --END-- [ RunTime:0.023001s ]
INFO: [ view_filter ] --START--
INFO: Run Behavior\WriteHtmlCacheBehavior [ RunTime:0.001000s ]
INFO: [ view_filter ] --END-- [ RunTime:0.002000s ]
INFO: [ app_end ] --START--
INFO: Run Behavior\ShowPageTraceBehavior [ RunTime:0.002000s ]
INFO: [ app_end ] --END-- [ RunTime:0.002000s ]

[ 2016-11-05T09:16:29+08:00 ] 127.0.0.1 /weibo/Setting/avatar.html
INFO: [ app_init ] --START--
INFO: Run Behavior\BuildLiteBehavior [ RunTime:0.000000s ]
INFO: [ app_init ] --END-- [ RunTime:0.001000s ]
INFO: [ app_begin ] --START--
INFO: Run Behavior\ReadHtmlCacheBehavior [ RunTime:0.001001s ]
INFO: [ app_begin ] --END-- [ RunTime:0.001001s ]

[ 2016-11-05T09:16:29+08:00 ] 127.0.0.1 /weibo/Login/index.html
INFO: [ app_init ] --START--
INFO: Run Behavior\BuildLiteBehavior [ RunTime:0.000000s ]
INFO: [ app_init ] --END-- [ RunTime:0.001000s ]
INFO: [ app_begin ] --START--
INFO: Run Behavior\ReadHtmlCacheBehavior [ RunTime:0.000000s ]
INFO: [ app_begin ] --END-- [ RunTime:0.001000s ]
INFO: [ view_parse ] --START--
INFO: [ template_filter ] --START--
INFO: Run Behavior\ContentReplaceBehavior [ RunTime:0.000000s ]
INFO: [ template_filter ] --END-- [ RunTime:0.000000s ]
INFO: Run Behavior\ParseTemplateBehavior [ RunTime:0.008000s ]
INFO: [ view_parse ] --END-- [ RunTime:0.008000s ]
INFO: [ view_filter ] --START--
INFO: Run Behavior\WriteHtmlCacheBehavior [ RunTime:0.000000s ]
INFO: [ view_filter ] --END-- [ RunTime:0.000000s ]
INFO: [ app_end ] --START--
INFO: Run Behavior\ShowPageTraceBehavior [ RunTime:0.000000s ]
INFO: [ app_end ] --END-- [ RunTime:0.000000s ]

[ 2016-11-05T09:16:29+08:00 ] 127.0.0.1 /weibo/Login/verify.html?a=b
INFO: [ app_init ] --START--
INFO: Run Behavior\BuildLiteBehavior [ RunTime:0.000000s ]
INFO: [ app_init ] --END-- [ RunTime:0.001000s ]
INFO: [ app_begin ] --START--
INFO: Run Behavior\ReadHtmlCacheBehavior [ RunTime:0.001000s ]
INFO: [ app_begin ] --END-- [ RunTime:0.001000s ]
INFO: [ app_end ] --START--
INFO: Run Behavior\ShowPageTraceBehavior [ RunTime:0.001000s ]
INFO: [ app_end ] --END-- [ RunTime:0.002000s ]

[ 2016-11-05T09:16:40+08:00 ] 127.0.0.1 /weibo/Home/User/checkVerify
INFO: [ app_init ] --START--
INFO: Run Behavior\BuildLiteBehavior [ RunTime:0.000000s ]
INFO: [ app_init ] --END-- [ RunTime:0.001000s ]
INFO: [ app_begin ] --START--
INFO: Run Behavior\ReadHtmlCacheBehavior [ RunTime:0.002001s ]
INFO: [ app_begin ] --END-- [ RunTime:0.002001s ]
SQL: DESCRIBE weibo_user [ RunTime:0.001000s ]
NOTIC: [2] sha1() expects at least 1 parameter, 0 given C:\wamp\www\weibo\ThinkPHP\Library\Think\Model.class.php 第 1013 行.
INFO: [ app_end ] --START--
INFO: Run Behavior\ShowPageTraceBehavior [ RunTime:0.002001s ]
INFO: [ app_end ] --END-- [ RunTime:0.002001s ]

[ 2016-11-05T09:16:40+08:00 ] 127.0.0.1 /weibo/Home/User/login
INFO: [ app_init ] --START--
INFO: Run Behavior\BuildLiteBehavior [ RunTime:0.000000s ]
INFO: [ app_init ] --END-- [ RunTime:0.001000s ]
INFO: [ app_begin ] --START--
INFO: Run Behavior\ReadHtmlCacheBehavior [ RunTime:0.002001s ]
INFO: [ app_begin ] --END-- [ RunTime:0.002001s ]
SQL: DESCRIBE weibo_user [ RunTime:0.001000s ]
SQL: SELECT `id`,`username`,`password`,`face` FROM `weibo_user` WHERE `username` = '蜡笔小新' LIMIT 1   [ RunTime:0.000000s ]
SQL: UPDATE `weibo_user` SET `last_login`=1478308600,`last_ip`='2130706433' WHERE `id` = '7' [ RunTime:0.000000s ]
INFO: [ app_end ] --START--
INFO: Run Behavior\ShowPageTraceBehavior [ RunTime:0.002000s ]
INFO: [ app_end ] --END-- [ RunTime:0.002000s ]

[ 2016-11-05T09:16:41+08:00 ] 127.0.0.1 /weibo/Index/index.html
INFO: [ app_init ] --START--
INFO: Run Behavior\BuildLiteBehavior [ RunTime:0.000000s ]
INFO: [ app_init ] --END-- [ RunTime:0.001000s ]
INFO: [ app_begin ] --START--
INFO: Run Behavior\ReadHtmlCacheBehavior [ RunTime:0.002000s ]
INFO: [ app_begin ] --END-- [ RunTime:0.002000s ]
SQL: DESCRIBE weibo_topic [ RunTime:0.001000s ]
SQL: DESCRIBE weibo_topic [ RunTime:0.001000s ]
SQL: SELECT a.id,a.content,a.content_over,a.create,a.uid,a.reid,a.recount,b.username,b.face,b.domain FROM weibo_topic a,weibo_user b WHERE ( a.uid=b.id ) ORDER BY a.create DESC LIMIT 0,10   [ RunTime:0.001000s ]
SQL: DESCRIBE weibo_image [ RunTime:0.001000s ]
SQL: SELECT `data` FROM `weibo_image` WHERE ( 1=1 AND tid='240' )  [ RunTime:0.000000s ]
SQL: SELECT `data` FROM `weibo_image` WHERE ( 1=1 AND tid='239' )  [ RunTime:0.001000s ]
SQL: SELECT `data` FROM `weibo_image` WHERE ( 1=1 AND tid='238' )  [ RunTime:0.000000s ]
SQL: SELECT `data` FROM `weibo_image` WHERE ( 1=1 AND tid='237' )  [ RunTime:0.000000s ]
SQL: SELECT `data` FROM `weibo_image` WHERE ( 1=1 AND tid='236' )  [ RunTime:0.000000s ]
SQL: SELECT `data` FROM `weibo_image` WHERE ( 1=1 AND tid='235' )  [ RunTime:0.000000s ]
SQL: SELECT `data` FROM `weibo_image` WHERE ( 1=1 AND tid='234' )  [ RunTime:0.000000s ]
SQL: SELECT `data` FROM `weibo_image` WHERE ( 1=1 AND tid='233' )  [ RunTime:0.000000s ]
SQL: SELECT `data` FROM `weibo_image` WHERE ( 1=1 AND tid='232' )  [ RunTime:0.000000s ]
SQL: SELECT `data` FROM `weibo_image` WHERE ( 1=1 AND tid='231' )  [ RunTime:0.001000s ]
INFO: [ view_parse ] --START--
INFO: [ template_filter ] --START--
INFO: Run Behavior\ContentReplaceBehavior [ RunTime:0.000000s ]
INFO: [ template_filter ] --END-- [ RunTime:0.000000s ]
NOTIC: [8] Undefined variable: referCount C:\wamp\www\weibo\App\Runtime\Cache\Home\4ac420d3dd2cc5f43d5d2c667fdd4e91.php 第 54 行.
NOTIC: [8] Undefined variable: referCount C:\wamp\www\weibo\App\Runtime\Cache\Home\4ac420d3dd2cc5f43d5d2c667fdd4e91.php 第 68 行.
NOTIC: [8] Undefined variable: referCount C:\wamp\www\weibo\App\Runtime\Cache\Home\4ac420d3dd2cc5f43d5d2c667fdd4e91.php 第 70 行.
INFO: Run Behavior\ParseTemplateBehavior [ RunTime:0.035002s ]
INFO: [ view_parse ] --END-- [ RunTime:0.035002s ]
INFO: [ view_filter ] --START--
INFO: Run Behavior\WriteHtmlCacheBehavior [ RunTime:0.001000s ]
INFO: [ view_filter ] --END-- [ RunTime:0.002000s ]
INFO: [ app_end ] --START--
INFO: Run Behavior\ShowPageTraceBehavior [ RunTime:0.002001s ]
INFO: [ app_end ] --END-- [ RunTime:0.002001s ]

[ 2016-11-05T09:16:42+08:00 ] 127.0.0.1 /weibo/Index/index.html
INFO: [ app_init ] --START--
INFO: Run Behavior\BuildLiteBehavior [ RunTime:0.000000s ]
INFO: [ app_init ] --END-- [ RunTime:0.001000s ]
INFO: [ app_begin ] --START--
INFO: Run Behavior\ReadHtmlCacheBehavior [ RunTime:0.000000s ]
INFO: [ app_begin ] --END-- [ RunTime:0.001000s ]
SQL: DESCRIBE weibo_topic [ RunTime:0.000000s ]
SQL: DESCRIBE weibo_topic [ RunTime:0.000000s ]
SQL: SELECT a.id,a.content,a.content_over,a.create,a.uid,a.reid,a.recount,b.username,b.face,b.domain FROM weibo_topic a,weibo_user b WHERE ( a.uid=b.id ) ORDER BY a.create DESC LIMIT 0,10   [ RunTime:0.000000s ]
SQL: DESCRIBE weibo_image [ RunTime:0.000000s ]
SQL: SELECT `data` FROM `weibo_image` WHERE ( 1=1 AND tid='240' )  [ RunTime:0.001000s ]
SQL: SELECT `data` FROM `weibo_image` WHERE ( 1=1 AND tid='239' )  [ RunTime:0.000000s ]
SQL: SELECT `data` FROM `weibo_image` WHERE ( 1=1 AND tid='238' )  [ RunTime:0.000000s ]
SQL: SELECT `data` FROM `weibo_image` WHERE ( 1=1 AND tid='237' )  [ RunTime:0.000000s ]
SQL: SELECT `data` FROM `weibo_image` WHERE ( 1=1 AND tid='236' )  [ RunTime:0.000000s ]
SQL: SELECT `data` FROM `weibo_image` WHERE ( 1=1 AND tid='235' )  [ RunTime:0.001000s ]
SQL: SELECT `data` FROM `weibo_image` WHERE ( 1=1 AND tid='234' )  [ RunTime:0.000000s ]
SQL: SELECT `data` FROM `weibo_image` WHERE ( 1=1 AND tid='233' )  [ RunTime:0.001000s ]
SQL: SELECT `data` FROM `weibo_image` WHERE ( 1=1 AND tid='232' )  [ RunTime:0.000000s ]
SQL: SELECT `data` FROM `weibo_image` WHERE ( 1=1 AND tid='231' )  [ RunTime:0.000000s ]
INFO: [ view_parse ] --START--
INFO: [ template_filter ] --START--
INFO: Run Behavior\ContentReplaceBehavior [ RunTime:0.000000s ]
INFO: [ template_filter ] --END-- [ RunTime:0.000000s ]
NOTIC: [8] Undefined variable: referCount C:\wamp\www\weibo\App\Runtime\Cache\Home\4ac420d3dd2cc5f43d5d2c667fdd4e91.php 第 54 行.
NOTIC: [8] Undefined variable: referCount C:\wamp\www\weibo\App\Runtime\Cache\Home\4ac420d3dd2cc5f43d5d2c667fdd4e91.php 第 68 行.
NOTIC: [8] Undefined variable: referCount C:\wamp\www\weibo\App\Runtime\Cache\Home\4ac420d3dd2cc5f43d5d2c667fdd4e91.php 第 70 行.
INFO: Run Behavior\ParseTemplateBehavior [ RunTime:0.030002s ]
INFO: [ view_parse ] --END-- [ RunTime:0.031002s ]
INFO: [ view_filter ] --START--
INFO: Run Behavior\WriteHtmlCacheBehavior [ RunTime:0.000000s ]
INFO: [ view_filter ] --END-- [ RunTime:0.000000s ]
INFO: [ app_end ] --START--
INFO: Run Behavior\ShowPageTraceBehavior [ RunTime:0.001000s ]
INFO: [ app_end ] --END-- [ RunTime:0.001000s ]

[ 2016-11-05T09:16:42+08:00 ] 127.0.0.1 /weibo/Home/Home/getRefer
INFO: [ app_init ] --START--
INFO: Run Behavior\BuildLiteBehavior [ RunTime:0.000000s ]
INFO: [ app_init ] --END-- [ RunTime:0.000000s ]
INFO: [ app_begin ] --START--
INFO: Run Behavior\ReadHtmlCacheBehavior [ RunTime:0.001000s ]
INFO: [ app_begin ] --END-- [ RunTime:0.001000s ]
INFO: [ app_end ] --START--
INFO: Run Behavior\ShowPageTraceBehavior [ RunTime:0.001000s ]
INFO: [ app_end ] --END-- [ RunTime:0.001000s ]

[ 2016-11-05T09:16:42+08:00 ] 127.0.0.1 /weibo/Home/Topic/ajaxCount
INFO: [ app_init ] --START--
INFO: Run Behavior\BuildLiteBehavior [ RunTime:0.000000s ]
INFO: [ app_init ] --END-- [ RunTime:0.001000s ]
INFO: [ app_begin ] --START--
INFO: Run Behavior\ReadHtmlCacheBehavior [ RunTime:0.001000s ]
INFO: [ app_begin ] --END-- [ RunTime:0.001000s ]
SQL: DESCRIBE weibo_topic [ RunTime:0.000000s ]
SQL: SELECT COUNT(*) AS tp_count FROM `weibo_topic` WHERE ( 1=1 ) LIMIT 1   [ RunTime:0.000000s ]
INFO: [ app_end ] --START--
INFO: Run Behavior\ShowPageTraceBehavior [ RunTime:0.002001s ]
INFO: [ app_end ] --END-- [ RunTime:0.002001s ]

[ 2016-11-05T09:16:42+08:00 ] 127.0.0.1 /weibo/Home/Index/getWeibo
INFO: [ app_init ] --START--
INFO: Run Behavior\BuildLiteBehavior [ RunTime:0.000000s ]
INFO: [ app_init ] --END-- [ RunTime:0.000000s ]
INFO: [ app_begin ] --START--
INFO: Run Behavior\ReadHtmlCacheBehavior [ RunTime:0.000000s ]
INFO: [ app_begin ] --END-- [ RunTime:0.000000s ]
NOTIC: [2] array_merge(): Argument #1 is not an array C:\wamp\www\weibo\App\Home\Controller\IndexController.class.php 第 21 行.
NOTIC: [2] Invalid argument supplied for foreach() C:\wamp\www\weibo\App\Home\Controller\IndexController.class.php 第 22 行.

[ 2016-11-05T09:16:44+08:00 ] 127.0.0.1 /weibo/Setting/index.html
INFO: [ app_init ] --START--
INFO: Run Behavior\BuildLiteBehavior [ RunTime:0.000000s ]
INFO: [ app_init ] --END-- [ RunTime:0.001000s ]
INFO: [ app_begin ] --START--
INFO: Run Behavior\ReadHtmlCacheBehavior [ RunTime:0.001000s ]
INFO: [ app_begin ] --END-- [ RunTime:0.001000s ]
SQL: DESCRIBE weibo_user [ RunTime:0.002000s ]
SQL: SELECT `id`,`username`,`email`,`face`,`domain` FROM `weibo_user` WHERE `id` = 7 LIMIT 1   [ RunTime:0.000000s ]
SQL: DESCRIBE weibo_user_extend [ RunTime:0.002000s ]
SQL: SELECT `intro` FROM `weibo_user_extend` WHERE ( 1=1 AND uid='7' ) LIMIT 1   [ RunTime:0.000000s ]
INFO: [ view_parse ] --START--
INFO: [ template_filter ] --START--
INFO: Run Behavior\ContentReplaceBehavior [ RunTime:0.000000s ]
INFO: [ template_filter ] --END-- [ RunTime:0.000000s ]
NOTIC: [8] Undefined variable: referCount C:\wamp\www\weibo\App\Runtime\Cache\Home\52d0339a4f0cc5bc47db43e4f3703f43.php 第 48 行.
NOTIC: [8] Undefined variable: referCount C:\wamp\www\weibo\App\Runtime\Cache\Home\52d0339a4f0cc5bc47db43e4f3703f43.php 第 62 行.
NOTIC: [8] Undefined variable: referCount C:\wamp\www\weibo\App\Runtime\Cache\Home\52d0339a4f0cc5bc47db43e4f3703f43.php 第 64 行.
INFO: Run Behavior\ParseTemplateBehavior [ RunTime:0.032001s ]
INFO: [ view_parse ] --END-- [ RunTime:0.032001s ]
INFO: [ view_filter ] --START--
INFO: Run Behavior\WriteHtmlCacheBehavior [ RunTime:0.001000s ]
INFO: [ view_filter ] --END-- [ RunTime:0.001000s ]
INFO: [ app_end ] --START--
INFO: Run Behavior\ShowPageTraceBehavior [ RunTime:0.001001s ]
INFO: [ app_end ] --END-- [ RunTime:0.001001s ]

[ 2016-11-05T09:16:44+08:00 ] 127.0.0.1 /weibo/Home/Home/getRefer
INFO: [ app_init ] --START--
INFO: Run Behavior\BuildLiteBehavior [ RunTime:0.000000s ]
INFO: [ app_init ] --END-- [ RunTime:0.000000s ]
INFO: [ app_begin ] --START--
INFO: Run Behavior\ReadHtmlCacheBehavior [ RunTime:0.001000s ]
INFO: [ app_begin ] --END-- [ RunTime:0.001000s ]
INFO: [ app_end ] --START--
INFO: Run Behavior\ShowPageTraceBehavior [ RunTime:0.001000s ]
INFO: [ app_end ] --END-- [ RunTime:0.001000s ]

[ 2016-11-05T09:16:46+08:00 ] 127.0.0.1 /weibo/Setting/avatar.html
INFO: [ app_init ] --START--
INFO: Run Behavior\BuildLiteBehavior [ RunTime:0.000000s ]
INFO: [ app_init ] --END-- [ RunTime:0.001000s ]
INFO: [ app_begin ] --START--
INFO: Run Behavior\ReadHtmlCacheBehavior [ RunTime:0.002000s ]
INFO: [ app_begin ] --END-- [ RunTime:0.002000s ]
SQL: DESCRIBE weibo_user [ RunTime:0.001000s ]
SQL: SELECT `face` FROM `weibo_user` WHERE `id` = 7 LIMIT 1   [ RunTime:0.001000s ]
INFO: [ view_parse ] --START--
INFO: [ template_filter ] --START--
INFO: Run Behavior\ContentReplaceBehavior [ RunTime:0.001000s ]
INFO: [ template_filter ] --END-- [ RunTime:0.001000s ]
NOTIC: [8] Undefined variable: referCount C:\wamp\www\weibo\App\Runtime\Cache\Home\f64a030b2e7a7d354780c4b055210388.php 第 53 行.
NOTIC: [8] Undefined variable: referCount C:\wamp\www\weibo\App\Runtime\Cache\Home\f64a030b2e7a7d354780c4b055210388.php 第 67 行.
NOTIC: [8] Undefined variable: referCount C:\wamp\www\weibo\App\Runtime\Cache\Home\f64a030b2e7a7d354780c4b055210388.php 第 69 行.
INFO: Run Behavior\ParseTemplateBehavior [ RunTime:0.019001s ]
INFO: [ view_parse ] --END-- [ RunTime:0.019001s ]
INFO: [ view_filter ] --START--
INFO: Run Behavior\WriteHtmlCacheBehavior [ RunTime:0.001000s ]
INFO: [ view_filter ] --END-- [ RunTime:0.001000s ]
INFO: [ app_end ] --START--
INFO: Run Behavior\ShowPageTraceBehavior [ RunTime:0.001000s ]
INFO: [ app_end ] --END-- [ RunTime:0.001000s ]

[ 2016-11-05T09:16:46+08:00 ] 127.0.0.1 /weibo/Home/Home/getRefer
INFO: [ app_init ] --START--
INFO: Run Behavior\BuildLiteBehavior [ RunTime:0.000000s ]
INFO: [ app_init ] --END-- [ RunTime:0.001000s ]
INFO: [ app_begin ] --START--
INFO: Run Behavior\ReadHtmlCacheBehavior [ RunTime:0.001000s ]
INFO: [ app_begin ] --END-- [ RunTime:0.001000s ]
INFO: [ app_end ] --START--
INFO: Run Behavior\ShowPageTraceBehavior [ RunTime:0.001000s ]
INFO: [ app_end ] --END-- [ RunTime:0.001000s ]

[ 2016-11-05T09:16:46+08:00 ] 127.0.0.1 /weibo/Setting/
INFO: [ app_init ] --START--
INFO: Run Behavior\BuildLiteBehavior [ RunTime:0.000000s ]
INFO: [ app_init ] --END-- [ RunTime:0.001000s ]
INFO: [ app_begin ] --START--
INFO: Run Behavior\ReadHtmlCacheBehavior [ RunTime:0.000000s ]
INFO: [ app_begin ] --END-- [ RunTime:0.001000s ]
SQL: DESCRIBE weibo_user [ RunTime:0.001001s ]
SQL: SELECT `id`,`username`,`email`,`face`,`domain` FROM `weibo_user` WHERE `id` = 7 LIMIT 1   [ RunTime:0.000000s ]
SQL: DESCRIBE weibo_user_extend [ RunTime:0.000000s ]
SQL: SELECT `intro` FROM `weibo_user_extend` WHERE ( 1=1 AND uid='7' ) LIMIT 1   [ RunTime:0.000000s ]
INFO: [ view_parse ] --START--
INFO: [ template_filter ] --START--
INFO: Run Behavior\ContentReplaceBehavior [ RunTime:0.000000s ]
INFO: [ template_filter ] --END-- [ RunTime:0.001000s ]
NOTIC: [8] Undefined variable: referCount C:\wamp\www\weibo\App\Runtime\Cache\Home\52d0339a4f0cc5bc47db43e4f3703f43.php 第 48 行.
NOTIC: [8] Undefined variable: referCount C:\wamp\www\weibo\App\Runtime\Cache\Home\52d0339a4f0cc5bc47db43e4f3703f43.php 第 62 行.
NOTIC: [8] Undefined variable: referCount C:\wamp\www\weibo\App\Runtime\Cache\Home\52d0339a4f0cc5bc47db43e4f3703f43.php 第 64 行.
INFO: Run Behavior\ParseTemplateBehavior [ RunTime:0.017001s ]
INFO: [ view_parse ] --END-- [ RunTime:0.017001s ]
INFO: [ view_filter ] --START--
INFO: Run Behavior\WriteHtmlCacheBehavior [ RunTime:0.001000s ]
INFO: [ view_filter ] --END-- [ RunTime:0.001000s ]
INFO: [ app_end ] --START--
INFO: Run Behavior\ShowPageTraceBehavior [ RunTime:0.001000s ]
INFO: [ app_end ] --END-- [ RunTime:0.001000s ]

[ 2016-11-05T09:16:50+08:00 ] 127.0.0.1 /weibo/File/face.html
INFO: [ app_init ] --START--
INFO: Run Behavior\BuildLiteBehavior [ RunTime:0.000000s ]
INFO: [ app_init ] --END-- [ RunTime:0.001000s ]
INFO: [ app_begin ] --START--
INFO: Run Behavior\ReadHtmlCacheBehavior [ RunTime:0.001000s ]
INFO: [ app_begin ] --END-- [ RunTime:0.001000s ]
SQL: DESCRIBE weibo_file [ RunTime:0.001000s ]
ERR: 1146:Table 'weibo.weibo_file' doesn't exist
 [ SQL语句 ] : DESCRIBE weibo_file
NOTIC: [2] call_user_func() expects parameter 1 to be a valid callback, no array or string given C:\wamp\www\weibo\ThinkPHP\Library\Think\Upload.class.php 第 170 行.

[ 2016-11-05T09:16:52+08:00 ] 127.0.0.1 /weibo/Home/File/crop
INFO: [ app_init ] --START--
INFO: Run Behavior\BuildLiteBehavior [ RunTime:0.000000s ]
INFO: [ app_init ] --END-- [ RunTime:0.001000s ]
INFO: [ app_begin ] --START--
INFO: Run Behavior\ReadHtmlCacheBehavior [ RunTime:0.001000s ]
INFO: [ app_begin ] --END-- [ RunTime:0.001000s ]
SQL: DESCRIBE weibo_file [ RunTime:0.001000s ]
ERR: 1146:Table 'weibo.weibo_file' doesn't exist
 [ SQL语句 ] : DESCRIBE weibo_file
SQL: DESCRIBE weibo_user [ RunTime:0.001000s ]
SQL: UPDATE `weibo_user` SET `face`='{\"big\":\".\\/Uploads\\/face\\/7.jpg\",\"small\":\".\\/Uploads\\/face\\/7_small.jpg\"}' WHERE `id` = 7 [ RunTime:0.000000s ]
INFO: [ app_end ] --START--
INFO: Run Behavior\ShowPageTraceBehavior [ RunTime:0.000000s ]
INFO: [ app_end ] --END-- [ RunTime:0.001001s ]

[ 2016-11-05T09:17:00+08:00 ] 127.0.0.1 /weibo/File/face.html
INFO: [ app_init ] --START--
INFO: Run Behavior\BuildLiteBehavior [ RunTime:0.000000s ]
INFO: [ app_init ] --END-- [ RunTime:0.000000s ]
INFO: [ app_begin ] --START--
INFO: Run Behavior\ReadHtmlCacheBehavior [ RunTime:0.001000s ]
INFO: [ app_begin ] --END-- [ RunTime:0.001000s ]
SQL: DESCRIBE weibo_file [ RunTime:0.000000s ]
ERR: 1146:Table 'weibo.weibo_file' doesn't exist
 [ SQL语句 ] : DESCRIBE weibo_file
NOTIC: [2] call_user_func() expects parameter 1 to be a valid callback, no array or string given C:\wamp\www\weibo\ThinkPHP\Library\Think\Upload.class.php 第 170 行.

[ 2016-11-05T09:17:09+08:00 ] 127.0.0.1 /weibo/Home/File/crop
INFO: [ app_init ] --START--
INFO: Run Behavior\BuildLiteBehavior [ RunTime:0.000000s ]
INFO: [ app_init ] --END-- [ RunTime:0.001000s ]
INFO: [ app_begin ] --START--
INFO: Run Behavior\ReadHtmlCacheBehavior [ RunTime:0.002000s ]
INFO: [ app_begin ] --END-- [ RunTime:0.003000s ]
SQL: DESCRIBE weibo_file [ RunTime:0.001000s ]
ERR: 1146:Table 'weibo.weibo_file' doesn't exist
 [ SQL语句 ] : DESCRIBE weibo_file
SQL: DESCRIBE weibo_user [ RunTime:0.001000s ]
SQL: UPDATE `weibo_user` SET `face`='{\"big\":\".\\/Uploads\\/face\\/7.jpg\",\"small\":\".\\/Uploads\\/face\\/7_small.jpg\"}' WHERE `id` = 7 [ RunTime:0.000000s ]
INFO: [ app_end ] --START--
INFO: Run Behavior\ShowPageTraceBehavior [ RunTime:0.003000s ]
INFO: [ app_end ] --END-- [ RunTime:0.003000s ]

[ 2016-11-05T09:17:25+08:00 ] 127.0.0.1 /weibo/Index/index.html
INFO: [ app_init ] --START--
INFO: Run Behavior\BuildLiteBehavior [ RunTime:0.000000s ]
INFO: [ app_init ] --END-- [ RunTime:0.001000s ]
INFO: [ app_begin ] --START--
INFO: Run Behavior\ReadHtmlCacheBehavior [ RunTime:0.003000s ]
INFO: [ app_begin ] --END-- [ RunTime:0.003000s ]
SQL: DESCRIBE weibo_topic [ RunTime:0.002000s ]
SQL: DESCRIBE weibo_topic [ RunTime:0.001000s ]
SQL: SELECT a.id,a.content,a.content_over,a.create,a.uid,a.reid,a.recount,b.username,b.face,b.domain FROM weibo_topic a,weibo_user b WHERE ( a.uid=b.id ) ORDER BY a.create DESC LIMIT 0,10   [ RunTime:0.001000s ]
SQL: DESCRIBE weibo_image [ RunTime:0.001000s ]
SQL: SELECT `data` FROM `weibo_image` WHERE ( 1=1 AND tid='240' )  [ RunTime:0.001000s ]
SQL: SELECT `data` FROM `weibo_image` WHERE ( 1=1 AND tid='239' )  [ RunTime:0.000000s ]
SQL: SELECT `data` FROM `weibo_image` WHERE ( 1=1 AND tid='238' )  [ RunTime:0.000000s ]
SQL: SELECT `data` FROM `weibo_image` WHERE ( 1=1 AND tid='237' )  [ RunTime:0.001000s ]
SQL: SELECT `data` FROM `weibo_image` WHERE ( 1=1 AND tid='236' )  [ RunTime:0.000000s ]
SQL: SELECT `data` FROM `weibo_image` WHERE ( 1=1 AND tid='235' )  [ RunTime:0.000000s ]
SQL: SELECT `data` FROM `weibo_image` WHERE ( 1=1 AND tid='234' )  [ RunTime:0.001000s ]
SQL: SELECT `data` FROM `weibo_image` WHERE ( 1=1 AND tid='233' )  [ RunTime:0.000000s ]
SQL: SELECT `data` FROM `weibo_image` WHERE ( 1=1 AND tid='232' )  [ RunTime:0.000000s ]
SQL: SELECT `data` FROM `weibo_image` WHERE ( 1=1 AND tid='231' )  [ RunTime:0.001000s ]
INFO: [ view_parse ] --START--
INFO: [ template_filter ] --START--
INFO: Run Behavior\ContentReplaceBehavior [ RunTime:0.000000s ]
INFO: [ template_filter ] --END-- [ RunTime:0.000000s ]
NOTIC: [8] Undefined variable: referCount C:\wamp\www\weibo\App\Runtime\Cache\Home\4ac420d3dd2cc5f43d5d2c667fdd4e91.php 第 54 行.
NOTIC: [8] Undefined variable: referCount C:\wamp\www\weibo\App\Runtime\Cache\Home\4ac420d3dd2cc5f43d5d2c667fdd4e91.php 第 68 行.
NOTIC: [8] Undefined variable: referCount C:\wamp\www\weibo\App\Runtime\Cache\Home\4ac420d3dd2cc5f43d5d2c667fdd4e91.php 第 70 行.
INFO: Run Behavior\ParseTemplateBehavior [ RunTime:0.037002s ]
INFO: [ view_parse ] --END-- [ RunTime:0.037002s ]
INFO: [ view_filter ] --START--
INFO: Run Behavior\WriteHtmlCacheBehavior [ RunTime:0.002000s ]
INFO: [ view_filter ] --END-- [ RunTime:0.003000s ]
INFO: [ app_end ] --START--
INFO: Run Behavior\ShowPageTraceBehavior [ RunTime:0.002000s ]
INFO: [ app_end ] --END-- [ RunTime:0.002000s ]

[ 2016-11-05T09:17:25+08:00 ] 127.0.0.1 /weibo/Index/index.html
INFO: [ app_init ] --START--
INFO: Run Behavior\BuildLiteBehavior [ RunTime:0.000000s ]
INFO: [ app_init ] --END-- [ RunTime:0.000000s ]
INFO: [ app_begin ] --START--
INFO: Run Behavior\ReadHtmlCacheBehavior [ RunTime:0.001000s ]
INFO: [ app_begin ] --END-- [ RunTime:0.001000s ]
SQL: DESCRIBE weibo_topic [ RunTime:0.001000s ]
SQL: DESCRIBE weibo_topic [ RunTime:0.001001s ]
SQL: SELECT a.id,a.content,a.content_over,a.create,a.uid,a.reid,a.recount,b.username,b.face,b.domain FROM weibo_topic a,weibo_user b WHERE ( a.uid=b.id ) ORDER BY a.create DESC LIMIT 0,10   [ RunTime:0.001000s ]
SQL: DESCRIBE weibo_image [ RunTime:0.001000s ]
SQL: SELECT `data` FROM `weibo_image` WHERE ( 1=1 AND tid='240' )  [ RunTime:0.001000s ]
SQL: SELECT `data` FROM `weibo_image` WHERE ( 1=1 AND tid='239' )  [ RunTime:0.000000s ]
SQL: SELECT `data` FROM `weibo_image` WHERE ( 1=1 AND tid='238' )  [ RunTime:0.000000s ]
SQL: SELECT `data` FROM `weibo_image` WHERE ( 1=1 AND tid='237' )  [ RunTime:0.000000s ]
SQL: SELECT `data` FROM `weibo_image` WHERE ( 1=1 AND tid='236' )  [ RunTime:0.000000s ]
SQL: SELECT `data` FROM `weibo_image` WHERE ( 1=1 AND tid='235' )  [ RunTime:0.000000s ]
SQL: SELECT `data` FROM `weibo_image` WHERE ( 1=1 AND tid='234' )  [ RunTime:0.000000s ]
SQL: SELECT `data` FROM `weibo_image` WHERE ( 1=1 AND tid='233' )  [ RunTime:0.000000s ]
SQL: SELECT `data` FROM `weibo_image` WHERE ( 1=1 AND tid='232' )  [ RunTime:0.001000s ]
SQL: SELECT `data` FROM `weibo_image` WHERE ( 1=1 AND tid='231' )  [ RunTime:0.000000s ]
INFO: [ view_parse ] --START--
INFO: [ template_filter ] --START--
INFO: Run Behavior\ContentReplaceBehavior [ RunTime:0.000000s ]
INFO: [ template_filter ] --END-- [ RunTime:0.000000s ]
NOTIC: [8] Undefined variable: referCount C:\wamp\www\weibo\App\Runtime\Cache\Home\4ac420d3dd2cc5f43d5d2c667fdd4e91.php 第 54 行.
NOTIC: [8] Undefined variable: referCount C:\wamp\www\weibo\App\Runtime\Cache\Home\4ac420d3dd2cc5f43d5d2c667fdd4e91.php 第 68 行.
NOTIC: [8] Undefined variable: referCount C:\wamp\www\weibo\App\Runtime\Cache\Home\4ac420d3dd2cc5f43d5d2c667fdd4e91.php 第 70 行.
INFO: Run Behavior\ParseTemplateBehavior [ RunTime:0.029002s ]
INFO: [ view_parse ] --END-- [ RunTime:0.030002s ]
INFO: [ view_filter ] --START--
INFO: Run Behavior\WriteHtmlCacheBehavior [ RunTime:0.001000s ]
INFO: [ view_filter ] --END-- [ RunTime:0.001000s ]
INFO: [ app_end ] --START--
INFO: Run Behavior\ShowPageTraceBehavior [ RunTime:0.001000s ]
INFO: [ app_end ] --END-- [ RunTime:0.001000s ]

[ 2016-11-05T09:17:25+08:00 ] 127.0.0.1 /weibo/Home/Home/getRefer
INFO: [ app_init ] --START--
INFO: Run Behavior\BuildLiteBehavior [ RunTime:0.000000s ]
INFO: [ app_init ] --END-- [ RunTime:0.002000s ]
INFO: [ app_begin ] --START--
INFO: Run Behavior\ReadHtmlCacheBehavior [ RunTime:0.003000s ]
INFO: [ app_begin ] --END-- [ RunTime:0.003000s ]
INFO: [ app_end ] --START--
INFO: Run Behavior\ShowPageTraceBehavior [ RunTime:0.004000s ]
INFO: [ app_end ] --END-- [ RunTime:0.004000s ]

[ 2016-11-05T09:17:25+08:00 ] 127.0.0.1 /weibo/Home/Topic/ajaxCount
INFO: [ app_init ] --START--
INFO: Run Behavior\BuildLiteBehavior [ RunTime:0.000000s ]
INFO: [ app_init ] --END-- [ RunTime:0.001000s ]
INFO: [ app_begin ] --START--
INFO: Run Behavior\ReadHtmlCacheBehavior [ RunTime:0.004001s ]
INFO: [ app_begin ] --END-- [ RunTime:0.004001s ]
SQL: DESCRIBE weibo_topic [ RunTime:0.001000s ]
SQL: SELECT COUNT(*) AS tp_count FROM `weibo_topic` WHERE ( 1=1 ) LIMIT 1   [ RunTime:0.001000s ]
INFO: [ app_end ] --START--
INFO: Run Behavior\ShowPageTraceBehavior [ RunTime:0.002000s ]
INFO: [ app_end ] --END-- [ RunTime:0.002000s ]

[ 2016-11-05T09:17:25+08:00 ] 127.0.0.1 /weibo/Home/Index/getWeibo
INFO: [ app_init ] --START--
INFO: Run Behavior\BuildLiteBehavior [ RunTime:0.000000s ]
INFO: [ app_init ] --END-- [ RunTime:0.001000s ]
INFO: [ app_begin ] --START--
INFO: Run Behavior\ReadHtmlCacheBehavior [ RunTime:0.004001s ]
INFO: [ app_begin ] --END-- [ RunTime:0.004001s ]
NOTIC: [2] array_merge(): Argument #1 is not an array C:\wamp\www\weibo\App\Home\Controller\IndexController.class.php 第 21 行.
NOTIC: [2] Invalid argument supplied for foreach() C:\wamp\www\weibo\App\Home\Controller\IndexController.class.php 第 22 行.

[ 2016-11-05T09:17:27+08:00 ] 127.0.0.1 /weibo/Index/index.html
INFO: [ app_init ] --START--
INFO: Run Behavior\BuildLiteBehavior [ RunTime:0.000000s ]
INFO: [ app_init ] --END-- [ RunTime:0.001000s ]
INFO: [ app_begin ] --START--
INFO: Run Behavior\ReadHtmlCacheBehavior [ RunTime:0.003000s ]
INFO: [ app_begin ] --END-- [ RunTime:0.003000s ]
SQL: DESCRIBE weibo_topic [ RunTime:0.001000s ]
SQL: DESCRIBE weibo_topic [ RunTime:0.000000s ]
SQL: SELECT a.id,a.content,a.content_over,a.create,a.uid,a.reid,a.recount,b.username,b.face,b.domain FROM weibo_topic a,weibo_user b WHERE ( a.uid=b.id ) ORDER BY a.create DESC LIMIT 0,10   [ RunTime:0.000000s ]
SQL: DESCRIBE weibo_image [ RunTime:0.001000s ]
SQL: SELECT `data` FROM `weibo_image` WHERE ( 1=1 AND tid='240' )  [ RunTime:0.000000s ]
SQL: SELECT `data` FROM `weibo_image` WHERE ( 1=1 AND tid='239' )  [ RunTime:0.000000s ]
SQL: SELECT `data` FROM `weibo_image` WHERE ( 1=1 AND tid='238' )  [ RunTime:0.001000s ]
SQL: SELECT `data` FROM `weibo_image` WHERE ( 1=1 AND tid='237' )  [ RunTime:0.000000s ]
SQL: SELECT `data` FROM `weibo_image` WHERE ( 1=1 AND tid='236' )  [ RunTime:0.000000s ]
SQL: SELECT `data` FROM `weibo_image` WHERE ( 1=1 AND tid='235' )  [ RunTime:0.000000s ]
SQL: SELECT `data` FROM `weibo_image` WHERE ( 1=1 AND tid='234' )  [ RunTime:0.000000s ]
SQL: SELECT `data` FROM `weibo_image` WHERE ( 1=1 AND tid='233' )  [ RunTime:0.000000s ]
SQL: SELECT `data` FROM `weibo_image` WHERE ( 1=1 AND tid='232' )  [ RunTime:0.000000s ]
SQL: SELECT `data` FROM `weibo_image` WHERE ( 1=1 AND tid='231' )  [ RunTime:0.001000s ]
INFO: [ view_parse ] --START--
INFO: [ template_filter ] --START--
INFO: Run Behavior\ContentReplaceBehavior [ RunTime:0.000000s ]
INFO: [ template_filter ] --END-- [ RunTime:0.000000s ]
NOTIC: [8] Undefined variable: referCount C:\wamp\www\weibo\App\Runtime\Cache\Home\4ac420d3dd2cc5f43d5d2c667fdd4e91.php 第 54 行.
NOTIC: [8] Undefined variable: referCount C:\wamp\www\weibo\App\Runtime\Cache\Home\4ac420d3dd2cc5f43d5d2c667fdd4e91.php 第 68 行.
NOTIC: [8] Undefined variable: referCount C:\wamp\www\weibo\App\Runtime\Cache\Home\4ac420d3dd2cc5f43d5d2c667fdd4e91.php 第 70 行.
INFO: Run Behavior\ParseTemplateBehavior [ RunTime:0.040002s ]
INFO: [ view_parse ] --END-- [ RunTime:0.040002s ]
INFO: [ view_filter ] --START--
INFO: Run Behavior\WriteHtmlCacheBehavior [ RunTime:0.003000s ]
INFO: [ view_filter ] --END-- [ RunTime:0.003000s ]
INFO: [ app_end ] --START--
INFO: Run Behavior\ShowPageTraceBehavior [ RunTime:0.003000s ]
INFO: [ app_end ] --END-- [ RunTime:0.003000s ]

[ 2016-11-05T09:17:28+08:00 ] 127.0.0.1 /weibo/Index/index.html
INFO: [ app_init ] --START--
INFO: Run Behavior\BuildLiteBehavior [ RunTime:0.000000s ]
INFO: [ app_init ] --END-- [ RunTime:0.002000s ]
INFO: [ app_begin ] --START--
INFO: Run Behavior\ReadHtmlCacheBehavior [ RunTime:0.000000s ]
INFO: [ app_begin ] --END-- [ RunTime:0.001000s ]
SQL: DESCRIBE weibo_topic [ RunTime:0.001000s ]
SQL: DESCRIBE weibo_topic [ RunTime:0.000000s ]
SQL: SELECT a.id,a.content,a.content_over,a.create,a.uid,a.reid,a.recount,b.username,b.face,b.domain FROM weibo_topic a,weibo_user b WHERE ( a.uid=b.id ) ORDER BY a.create DESC LIMIT 0,10   [ RunTime:0.000000s ]
SQL: DESCRIBE weibo_image [ RunTime:0.001000s ]
SQL: SELECT `data` FROM `weibo_image` WHERE ( 1=1 AND tid='240' )  [ RunTime:0.000000s ]
SQL: SELECT `data` FROM `weibo_image` WHERE ( 1=1 AND tid='239' )  [ RunTime:0.000000s ]
SQL: SELECT `data` FROM `weibo_image` WHERE ( 1=1 AND tid='238' )  [ RunTime:0.000000s ]
SQL: SELECT `data` FROM `weibo_image` WHERE ( 1=1 AND tid='237' )  [ RunTime:0.000000s ]
SQL: SELECT `data` FROM `weibo_image` WHERE ( 1=1 AND tid='236' )  [ RunTime:0.001000s ]
SQL: SELECT `data` FROM `weibo_image` WHERE ( 1=1 AND tid='235' )  [ RunTime:0.001000s ]
SQL: SELECT `data` FROM `weibo_image` WHERE ( 1=1 AND tid='234' )  [ RunTime:0.001000s ]
SQL: SELECT `data` FROM `weibo_image` WHERE ( 1=1 AND tid='233' )  [ RunTime:0.001000s ]
SQL: SELECT `data` FROM `weibo_image` WHERE ( 1=1 AND tid='232' )  [ RunTime:0.000000s ]
SQL: SELECT `data` FROM `weibo_image` WHERE ( 1=1 AND tid='231' )  [ RunTime:0.000000s ]
INFO: [ view_parse ] --START--
INFO: [ template_filter ] --START--
INFO: Run Behavior\ContentReplaceBehavior [ RunTime:0.000000s ]
INFO: [ template_filter ] --END-- [ RunTime:0.000000s ]
NOTIC: [8] Undefined variable: referCount C:\wamp\www\weibo\App\Runtime\Cache\Home\4ac420d3dd2cc5f43d5d2c667fdd4e91.php 第 54 行.
NOTIC: [8] Undefined variable: referCount C:\wamp\www\weibo\App\Runtime\Cache\Home\4ac420d3dd2cc5f43d5d2c667fdd4e91.php 第 68 行.
NOTIC: [8] Undefined variable: referCount C:\wamp\www\weibo\App\Runtime\Cache\Home\4ac420d3dd2cc5f43d5d2c667fdd4e91.php 第 70 行.
INFO: Run Behavior\ParseTemplateBehavior [ RunTime:0.037002s ]
INFO: [ view_parse ] --END-- [ RunTime:0.037002s ]
INFO: [ view_filter ] --START--
INFO: Run Behavior\WriteHtmlCacheBehavior [ RunTime:0.000000s ]
INFO: [ view_filter ] --END-- [ RunTime:0.001000s ]
INFO: [ app_end ] --START--
INFO: Run Behavior\ShowPageTraceBehavior [ RunTime:0.002000s ]
INFO: [ app_end ] --END-- [ RunTime:0.002000s ]

[ 2016-11-05T09:17:28+08:00 ] 127.0.0.1 /weibo/Home/Home/getRefer
INFO: [ app_init ] --START--
INFO: Run Behavior\BuildLiteBehavior [ RunTime:0.000000s ]
INFO: [ app_init ] --END-- [ RunTime:0.000000s ]
INFO: [ app_begin ] --START--
INFO: Run Behavior\ReadHtmlCacheBehavior [ RunTime:0.002000s ]
INFO: [ app_begin ] --END-- [ RunTime:0.002000s ]
INFO: [ app_end ] --START--
INFO: Run Behavior\ShowPageTraceBehavior [ RunTime:0.001000s ]
INFO: [ app_end ] --END-- [ RunTime:0.002000s ]

[ 2016-11-05T09:17:28+08:00 ] 127.0.0.1 /weibo/Home/Topic/ajaxCount
INFO: [ app_init ] --START--
INFO: Run Behavior\BuildLiteBehavior [ RunTime:0.000000s ]
INFO: [ app_init ] --END-- [ RunTime:0.001000s ]
INFO: [ app_begin ] --START--
INFO: Run Behavior\ReadHtmlCacheBehavior [ RunTime:0.002000s ]
INFO: [ app_begin ] --END-- [ RunTime:0.003000s ]
SQL: DESCRIBE weibo_topic [ RunTime:0.002000s ]
SQL: SELECT COUNT(*) AS tp_count FROM `weibo_topic` WHERE ( 1=1 ) LIMIT 1   [ RunTime:0.001000s ]
INFO: [ app_end ] --START--
INFO: Run Behavior\ShowPageTraceBehavior [ RunTime:0.003000s ]
INFO: [ app_end ] --END-- [ RunTime:0.003000s ]

[ 2016-11-05T09:17:28+08:00 ] 127.0.0.1 /weibo/Home/Index/getWeibo
INFO: [ app_init ] --START--
INFO: Run Behavior\BuildLiteBehavior [ RunTime:0.000000s ]
INFO: [ app_init ] --END-- [ RunTime:0.001000s ]
INFO: [ app_begin ] --START--
INFO: Run Behavior\ReadHtmlCacheBehavior [ RunTime:0.003000s ]
INFO: [ app_begin ] --END-- [ RunTime:0.003000s ]
NOTIC: [2] array_merge(): Argument #1 is not an array C:\wamp\www\weibo\App\Home\Controller\IndexController.class.php 第 21 行.
NOTIC: [2] Invalid argument supplied for foreach() C:\wamp\www\weibo\App\Home\Controller\IndexController.class.php 第 22 行.

[ 2016-11-05T09:31:49+08:00 ] 127.0.0.1 /weibo/
INFO: [ app_init ] --START--
INFO: Run Behavior\BuildLiteBehavior [ RunTime:0.000000s ]
INFO: [ app_init ] --END-- [ RunTime:0.001000s ]
INFO: [ app_begin ] --START--
INFO: Run Behavior\ReadHtmlCacheBehavior [ RunTime:0.001000s ]
INFO: [ app_begin ] --END-- [ RunTime:0.001000s ]
SQL: DESCRIBE weibo_user [ RunTime:0.001000s ]
SQL: SELECT `id`,`username`,`face` FROM `weibo_user` WHERE `username` = '蜡笔小新' LIMIT 1   [ RunTime:0.001000s ]
SQL: UPDATE `weibo_user` SET `last_login`=1478309509 WHERE `id` = '7' [ RunTime:0.000000s ]
SQL: DESCRIBE weibo_topic [ RunTime:0.001000s ]
SQL: DESCRIBE weibo_topic [ RunTime:0.000000s ]
SQL: SELECT a.id,a.content,a.content_over,a.create,a.uid,a.reid,a.recount,b.username,b.face,b.domain FROM weibo_topic a,weibo_user b WHERE ( a.uid=b.id ) ORDER BY a.create DESC LIMIT 0,10   [ RunTime:0.000000s ]
SQL: DESCRIBE weibo_image [ RunTime:0.001000s ]
SQL: SELECT `data` FROM `weibo_image` WHERE ( 1=1 AND tid='240' )  [ RunTime:0.000000s ]
SQL: SELECT `data` FROM `weibo_image` WHERE ( 1=1 AND tid='239' )  [ RunTime:0.000000s ]
SQL: SELECT `data` FROM `weibo_image` WHERE ( 1=1 AND tid='238' )  [ RunTime:0.000000s ]
SQL: SELECT `data` FROM `weibo_image` WHERE ( 1=1 AND tid='237' )  [ RunTime:0.000000s ]
SQL: SELECT `data` FROM `weibo_image` WHERE ( 1=1 AND tid='236' )  [ RunTime:0.000000s ]
SQL: SELECT `data` FROM `weibo_image` WHERE ( 1=1 AND tid='235' )  [ RunTime:0.000000s ]
SQL: SELECT `data` FROM `weibo_image` WHERE ( 1=1 AND tid='234' )  [ RunTime:0.001000s ]
SQL: SELECT `data` FROM `weibo_image` WHERE ( 1=1 AND tid='233' )  [ RunTime:0.000000s ]
SQL: SELECT `data` FROM `weibo_image` WHERE ( 1=1 AND tid='232' )  [ RunTime:0.000000s ]
SQL: SELECT `data` FROM `weibo_image` WHERE ( 1=1 AND tid='231' )  [ RunTime:0.001000s ]
INFO: [ view_parse ] --START--
INFO: [ template_filter ] --START--
INFO: Run Behavior\ContentReplaceBehavior [ RunTime:0.000000s ]
INFO: [ template_filter ] --END-- [ RunTime:0.000000s ]
NOTIC: [8] Undefined variable: referCount C:\wamp\www\weibo\App\Runtime\Cache\Home\4ac420d3dd2cc5f43d5d2c667fdd4e91.php 第 54 行.
NOTIC: [8] Undefined variable: referCount C:\wamp\www\weibo\App\Runtime\Cache\Home\4ac420d3dd2cc5f43d5d2c667fdd4e91.php 第 68 行.
NOTIC: [8] Undefined variable: referCount C:\wamp\www\weibo\App\Runtime\Cache\Home\4ac420d3dd2cc5f43d5d2c667fdd4e91.php 第 70 行.
INFO: Run Behavior\ParseTemplateBehavior [ RunTime:0.033001s ]
INFO: [ view_parse ] --END-- [ RunTime:0.033001s ]
INFO: [ view_filter ] --START--
INFO: Run Behavior\WriteHtmlCacheBehavior [ RunTime:0.001000s ]
INFO: [ view_filter ] --END-- [ RunTime:0.001000s ]
INFO: [ app_end ] --START--
INFO: Run Behavior\ShowPageTraceBehavior [ RunTime:0.001000s ]
INFO: [ app_end ] --END-- [ RunTime:0.001000s ]

[ 2016-11-05T09:31:49+08:00 ] 127.0.0.1 /weibo/
INFO: [ app_init ] --START--
INFO: Run Behavior\BuildLiteBehavior [ RunTime:0.000000s ]
INFO: [ app_init ] --END-- [ RunTime:0.002000s ]
INFO: [ app_begin ] --START--
INFO: Run Behavior\ReadHtmlCacheBehavior [ RunTime:0.001000s ]
INFO: [ app_begin ] --END-- [ RunTime:0.001000s ]
SQL: DESCRIBE weibo_topic [ RunTime:0.002000s ]
SQL: DESCRIBE weibo_topic [ RunTime:0.002000s ]
SQL: SELECT a.id,a.content,a.content_over,a.create,a.uid,a.reid,a.recount,b.username,b.face,b.domain FROM weibo_topic a,weibo_user b WHERE ( a.uid=b.id ) ORDER BY a.create DESC LIMIT 0,10   [ RunTime:0.002000s ]
SQL: DESCRIBE weibo_image [ RunTime:0.002000s ]
SQL: SELECT `data` FROM `weibo_image` WHERE ( 1=1 AND tid='240' )  [ RunTime:0.001000s ]
SQL: SELECT `data` FROM `weibo_image` WHERE ( 1=1 AND tid='239' )  [ RunTime:0.001000s ]
SQL: SELECT `data` FROM `weibo_image` WHERE ( 1=1 AND tid='238' )  [ RunTime:0.001000s ]
SQL: SELECT `data` FROM `weibo_image` WHERE ( 1=1 AND tid='237' )  [ RunTime:0.003000s ]
SQL: SELECT `data` FROM `weibo_image` WHERE ( 1=1 AND tid='236' )  [ RunTime:0.001000s ]
SQL: SELECT `data` FROM `weibo_image` WHERE ( 1=1 AND tid='235' )  [ RunTime:0.000000s ]
SQL: SELECT `data` FROM `weibo_image` WHERE ( 1=1 AND tid='234' )  [ RunTime:0.000000s ]
SQL: SELECT `data` FROM `weibo_image` WHERE ( 1=1 AND tid='233' )  [ RunTime:0.001001s ]
SQL: SELECT `data` FROM `weibo_image` WHERE ( 1=1 AND tid='232' )  [ RunTime:0.001000s ]
SQL: SELECT `data` FROM `weibo_image` WHERE ( 1=1 AND tid='231' )  [ RunTime:0.001000s ]
INFO: [ view_parse ] --START--
INFO: [ template_filter ] --START--
INFO: Run Behavior\ContentReplaceBehavior [ RunTime:0.000000s ]
INFO: [ template_filter ] --END-- [ RunTime:0.001000s ]
NOTIC: [8] Undefined variable: referCount C:\wamp\www\weibo\App\Runtime\Cache\Home\4ac420d3dd2cc5f43d5d2c667fdd4e91.php 第 54 行.
NOTIC: [8] Undefined variable: referCount C:\wamp\www\weibo\App\Runtime\Cache\Home\4ac420d3dd2cc5f43d5d2c667fdd4e91.php 第 68 行.
NOTIC: [8] Undefined variable: referCount C:\wamp\www\weibo\App\Runtime\Cache\Home\4ac420d3dd2cc5f43d5d2c667fdd4e91.php 第 70 行.
INFO: Run Behavior\ParseTemplateBehavior [ RunTime:0.041003s ]
INFO: [ view_parse ] --END-- [ RunTime:0.041003s ]
INFO: [ view_filter ] --START--
INFO: Run Behavior\WriteHtmlCacheBehavior [ RunTime:0.001000s ]
INFO: [ view_filter ] --END-- [ RunTime:0.001000s ]
INFO: [ app_end ] --START--
INFO: Run Behavior\ShowPageTraceBehavior [ RunTime:0.001000s ]
INFO: [ app_end ] --END-- [ RunTime:0.001000s ]

[ 2016-11-05T09:31:49+08:00 ] 127.0.0.1 /weibo/Home/Topic/ajaxCount
INFO: [ app_init ] --START--
INFO: Run Behavior\BuildLiteBehavior [ RunTime:0.000000s ]
INFO: [ app_init ] --END-- [ RunTime:0.000000s ]
INFO: [ app_begin ] --START--
INFO: Run Behavior\ReadHtmlCacheBehavior [ RunTime:0.002000s ]
INFO: [ app_begin ] --END-- [ RunTime:0.002000s ]
SQL: DESCRIBE weibo_topic [ RunTime:0.001000s ]
SQL: SELECT COUNT(*) AS tp_count FROM `weibo_topic` WHERE ( 1=1 ) LIMIT 1   [ RunTime:0.001000s ]
INFO: [ app_end ] --START--
INFO: Run Behavior\ShowPageTraceBehavior [ RunTime:0.001000s ]
INFO: [ app_end ] --END-- [ RunTime:0.001000s ]

[ 2016-11-05T09:31:49+08:00 ] 127.0.0.1 /weibo/Home/Home/getRefer
INFO: [ app_init ] --START--
INFO: Run Behavior\BuildLiteBehavior [ RunTime:0.000000s ]
INFO: [ app_init ] --END-- [ RunTime:0.000000s ]
INFO: [ app_begin ] --START--
INFO: Run Behavior\ReadHtmlCacheBehavior [ RunTime:0.001000s ]
INFO: [ app_begin ] --END-- [ RunTime:0.001000s ]
INFO: [ app_end ] --START--
INFO: Run Behavior\ShowPageTraceBehavior [ RunTime:0.001000s ]
INFO: [ app_end ] --END-- [ RunTime:0.001000s ]

[ 2016-11-05T09:31:49+08:00 ] 127.0.0.1 /weibo/Home/Index/getWeibo
INFO: [ app_init ] --START--
INFO: Run Behavior\BuildLiteBehavior [ RunTime:0.001000s ]
INFO: [ app_init ] --END-- [ RunTime:0.001000s ]
INFO: [ app_begin ] --START--
INFO: Run Behavior\ReadHtmlCacheBehavior [ RunTime:0.001000s ]
INFO: [ app_begin ] --END-- [ RunTime:0.001000s ]
NOTIC: [2] array_merge(): Argument #1 is not an array C:\wamp\www\weibo\App\Home\Controller\IndexController.class.php 第 21 行.
NOTIC: [2] Invalid argument supplied for foreach() C:\wamp\www\weibo\App\Home\Controller\IndexController.class.php 第 22 行.

[ 2016-11-05T09:31:56+08:00 ] 127.0.0.1 /weibo/index.php
INFO: [ app_init ] --START--
INFO: Run Behavior\BuildLiteBehavior [ RunTime:0.000000s ]
INFO: [ app_init ] --END-- [ RunTime:0.001000s ]
INFO: [ app_begin ] --START--
INFO: Run Behavior\ReadHtmlCacheBehavior [ RunTime:0.001000s ]
INFO: [ app_begin ] --END-- [ RunTime:0.001000s ]
SQL: DESCRIBE weibo_topic [ RunTime:0.001000s ]
SQL: DESCRIBE weibo_topic [ RunTime:0.000000s ]
SQL: SELECT a.id,a.content,a.content_over,a.create,a.uid,a.reid,a.recount,b.username,b.face,b.domain FROM weibo_topic a,weibo_user b WHERE ( a.uid=b.id ) ORDER BY a.create DESC LIMIT 0,10   [ RunTime:0.000000s ]
SQL: DESCRIBE weibo_image [ RunTime:0.002000s ]
SQL: SELECT `data` FROM `weibo_image` WHERE ( 1=1 AND tid='240' )  [ RunTime:0.001000s ]
SQL: SELECT `data` FROM `weibo_image` WHERE ( 1=1 AND tid='239' )  [ RunTime:0.000000s ]
SQL: SELECT `data` FROM `weibo_image` WHERE ( 1=1 AND tid='238' )  [ RunTime:0.000000s ]
SQL: SELECT `data` FROM `weibo_image` WHERE ( 1=1 AND tid='237' )  [ RunTime:0.001000s ]
SQL: SELECT `data` FROM `weibo_image` WHERE ( 1=1 AND tid='236' )  [ RunTime:0.000000s ]
SQL: SELECT `data` FROM `weibo_image` WHERE ( 1=1 AND tid='235' )  [ RunTime:0.000000s ]
SQL: SELECT `data` FROM `weibo_image` WHERE ( 1=1 AND tid='234' )  [ RunTime:0.001000s ]
SQL: SELECT `data` FROM `weibo_image` WHERE ( 1=1 AND tid='233' )  [ RunTime:0.000000s ]
SQL: SELECT `data` FROM `weibo_image` WHERE ( 1=1 AND tid='232' )  [ RunTime:0.000000s ]
SQL: SELECT `data` FROM `weibo_image` WHERE ( 1=1 AND tid='231' )  [ RunTime:0.001000s ]
INFO: [ view_parse ] --START--
INFO: [ template_filter ] --START--
INFO: Run Behavior\ContentReplaceBehavior [ RunTime:0.000000s ]
INFO: [ template_filter ] --END-- [ RunTime:0.001000s ]
NOTIC: [8] Undefined variable: referCount C:\wamp\www\weibo\App\Runtime\Cache\Home\4ac420d3dd2cc5f43d5d2c667fdd4e91.php 第 54 行.
NOTIC: [8] Undefined variable: referCount C:\wamp\www\weibo\App\Runtime\Cache\Home\4ac420d3dd2cc5f43d5d2c667fdd4e91.php 第 68 行.
NOTIC: [8] Undefined variable: referCount C:\wamp\www\weibo\App\Runtime\Cache\Home\4ac420d3dd2cc5f43d5d2c667fdd4e91.php 第 70 行.
INFO: Run Behavior\ParseTemplateBehavior [ RunTime:0.034001s ]
INFO: [ view_parse ] --END-- [ RunTime:0.034001s ]
INFO: [ view_filter ] --START--
INFO: Run Behavior\WriteHtmlCacheBehavior [ RunTime:0.001001s ]
INFO: [ view_filter ] --END-- [ RunTime:0.001001s ]
INFO: [ app_end ] --START--
INFO: Run Behavior\ShowPageTraceBehavior [ RunTime:0.001000s ]
INFO: [ app_end ] --END-- [ RunTime:0.001000s ]

[ 2016-11-05T09:31:56+08:00 ] 127.0.0.1 /weibo/index.php
INFO: [ app_init ] --START--
INFO: Run Behavior\BuildLiteBehavior [ RunTime:0.000000s ]
INFO: [ app_init ] --END-- [ RunTime:0.001000s ]
INFO: [ app_begin ] --START--
INFO: Run Behavior\ReadHtmlCacheBehavior [ RunTime:0.001000s ]
INFO: [ app_begin ] --END-- [ RunTime:0.001000s ]
SQL: DESCRIBE weibo_topic [ RunTime:0.001000s ]
SQL: DESCRIBE weibo_topic [ RunTime:0.001001s ]
SQL: SELECT a.id,a.content,a.content_over,a.create,a.uid,a.reid,a.recount,b.username,b.face,b.domain FROM weibo_topic a,weibo_user b WHERE ( a.uid=b.id ) ORDER BY a.create DESC LIMIT 0,10   [ RunTime:0.002000s ]
SQL: DESCRIBE weibo_image [ RunTime:0.002000s ]
SQL: SELECT `data` FROM `weibo_image` WHERE ( 1=1 AND tid='240' )  [ RunTime:0.001000s ]
SQL: SELECT `data` FROM `weibo_image` WHERE ( 1=1 AND tid='239' )  [ RunTime:0.000000s ]
SQL: SELECT `data` FROM `weibo_image` WHERE ( 1=1 AND tid='238' )  [ RunTime:0.001000s ]
SQL: SELECT `data` FROM `weibo_image` WHERE ( 1=1 AND tid='237' )  [ RunTime:0.000000s ]
SQL: SELECT `data` FROM `weibo_image` WHERE ( 1=1 AND tid='236' )  [ RunTime:0.001000s ]
SQL: SELECT `data` FROM `weibo_image` WHERE ( 1=1 AND tid='235' )  [ RunTime:0.001000s ]
SQL: SELECT `data` FROM `weibo_image` WHERE ( 1=1 AND tid='234' )  [ RunTime:0.001000s ]
SQL: SELECT `data` FROM `weibo_image` WHERE ( 1=1 AND tid='233' )  [ RunTime:0.000000s ]
SQL: SELECT `data` FROM `weibo_image` WHERE ( 1=1 AND tid='232' )  [ RunTime:0.000000s ]
SQL: SELECT `data` FROM `weibo_image` WHERE ( 1=1 AND tid='231' )  [ RunTime:0.001000s ]
INFO: [ view_parse ] --START--
INFO: [ template_filter ] --START--
INFO: Run Behavior\ContentReplaceBehavior [ RunTime:0.000000s ]
INFO: [ template_filter ] --END-- [ RunTime:0.001000s ]
NOTIC: [8] Undefined variable: referCount C:\wamp\www\weibo\App\Runtime\Cache\Home\4ac420d3dd2cc5f43d5d2c667fdd4e91.php 第 54 行.
NOTIC: [8] Undefined variable: referCount C:\wamp\www\weibo\App\Runtime\Cache\Home\4ac420d3dd2cc5f43d5d2c667fdd4e91.php 第 68 行.
NOTIC: [8] Undefined variable: referCount C:\wamp\www\weibo\App\Runtime\Cache\Home\4ac420d3dd2cc5f43d5d2c667fdd4e91.php 第 70 行.
INFO: Run Behavior\ParseTemplateBehavior [ RunTime:0.032002s ]
INFO: [ view_parse ] --END-- [ RunTime:0.032002s ]
INFO: [ view_filter ] --START--
INFO: Run Behavior\WriteHtmlCacheBehavior [ RunTime:0.001000s ]
INFO: [ view_filter ] --END-- [ RunTime:0.001000s ]
INFO: [ app_end ] --START--
INFO: Run Behavior\ShowPageTraceBehavior [ RunTime:0.001000s ]
INFO: [ app_end ] --END-- [ RunTime:0.001000s ]

[ 2016-11-05T09:31:56+08:00 ] 127.0.0.1 /weibo/Home/Topic/ajaxCount
INFO: [ app_init ] --START--
INFO: Run Behavior\BuildLiteBehavior [ RunTime:0.000000s ]
INFO: [ app_init ] --END-- [ RunTime:0.001000s ]
INFO: [ app_begin ] --START--
INFO: Run Behavior\ReadHtmlCacheBehavior [ RunTime:0.001000s ]
INFO: [ app_begin ] --END-- [ RunTime:0.001000s ]
SQL: DESCRIBE weibo_topic [ RunTime:0.001000s ]
SQL: SELECT COUNT(*) AS tp_count FROM `weibo_topic` WHERE ( 1=1 ) LIMIT 1   [ RunTime:0.001000s ]
INFO: [ app_end ] --START--
INFO: Run Behavior\ShowPageTraceBehavior [ RunTime:0.001000s ]
INFO: [ app_end ] --END-- [ RunTime:0.001000s ]

[ 2016-11-05T09:31:56+08:00 ] 127.0.0.1 /weibo/Home/Home/getRefer
INFO: [ app_init ] --START--
INFO: Run Behavior\BuildLiteBehavior [ RunTime:0.000000s ]
INFO: [ app_init ] --END-- [ RunTime:0.001000s ]
INFO: [ app_begin ] --START--
INFO: Run Behavior\ReadHtmlCacheBehavior [ RunTime:0.001000s ]
INFO: [ app_begin ] --END-- [ RunTime:0.001000s ]
INFO: [ app_end ] --START--
INFO: Run Behavior\ShowPageTraceBehavior [ RunTime:0.001000s ]
INFO: [ app_end ] --END-- [ RunTime:0.001000s ]

[ 2016-11-05T09:31:56+08:00 ] 127.0.0.1 /weibo/Home/Index/getWeibo
INFO: [ app_init ] --START--
INFO: Run Behavior\BuildLiteBehavior [ RunTime:0.000000s ]
INFO: [ app_init ] --END-- [ RunTime:0.000000s ]
INFO: [ app_begin ] --START--
INFO: Run Behavior\ReadHtmlCacheBehavior [ RunTime:0.001000s ]
INFO: [ app_begin ] --END-- [ RunTime:0.001000s ]
NOTIC: [2] array_merge(): Argument #1 is not an array C:\wamp\www\weibo\App\Home\Controller\IndexController.class.php 第 21 行.
NOTIC: [2] Invalid argument supplied for foreach() C:\wamp\www\weibo\App\Home\Controller\IndexController.class.php 第 22 行.

[ 2016-11-05T09:31:58+08:00 ] 127.0.0.1 /weibo/Setting/index.html
INFO: [ app_init ] --START--
INFO: Run Behavior\BuildLiteBehavior [ RunTime:0.000000s ]
INFO: [ app_init ] --END-- [ RunTime:0.000000s ]
INFO: [ app_begin ] --START--
INFO: Run Behavior\ReadHtmlCacheBehavior [ RunTime:0.001000s ]
INFO: [ app_begin ] --END-- [ RunTime:0.001000s ]
SQL: DESCRIBE weibo_user [ RunTime:0.001000s ]
SQL: SELECT `id`,`username`,`email`,`face`,`domain` FROM `weibo_user` WHERE `id` = 7 LIMIT 1   [ RunTime:0.001000s ]
SQL: DESCRIBE weibo_user_extend [ RunTime:0.001000s ]
SQL: SELECT `intro` FROM `weibo_user_extend` WHERE ( 1=1 AND uid='7' ) LIMIT 1   [ RunTime:0.000000s ]
INFO: [ view_parse ] --START--
INFO: [ template_filter ] --START--
INFO: Run Behavior\ContentReplaceBehavior [ RunTime:0.000000s ]
INFO: [ template_filter ] --END-- [ RunTime:0.000000s ]
NOTIC: [8] Undefined variable: referCount C:\wamp\www\weibo\App\Runtime\Cache\Home\52d0339a4f0cc5bc47db43e4f3703f43.php 第 48 行.
NOTIC: [8] Undefined variable: referCount C:\wamp\www\weibo\App\Runtime\Cache\Home\52d0339a4f0cc5bc47db43e4f3703f43.php 第 62 行.
NOTIC: [8] Undefined variable: referCount C:\wamp\www\weibo\App\Runtime\Cache\Home\52d0339a4f0cc5bc47db43e4f3703f43.php 第 64 行.
INFO: Run Behavior\ParseTemplateBehavior [ RunTime:0.018001s ]
INFO: [ view_parse ] --END-- [ RunTime:0.018001s ]
INFO: [ view_filter ] --START--
INFO: Run Behavior\WriteHtmlCacheBehavior [ RunTime:0.001000s ]
INFO: [ view_filter ] --END-- [ RunTime:0.001000s ]
INFO: [ app_end ] --START--
INFO: Run Behavior\ShowPageTraceBehavior [ RunTime:0.001000s ]
INFO: [ app_end ] --END-- [ RunTime:0.001000s ]

[ 2016-11-05T09:31:59+08:00 ] 127.0.0.1 /weibo/Home/Home/getRefer
INFO: [ app_init ] --START--
INFO: Run Behavior\BuildLiteBehavior [ RunTime:0.001000s ]
INFO: [ app_init ] --END-- [ RunTime:0.001000s ]
INFO: [ app_begin ] --START--
INFO: Run Behavior\ReadHtmlCacheBehavior [ RunTime:0.001000s ]
INFO: [ app_begin ] --END-- [ RunTime:0.001000s ]
INFO: [ app_end ] --START--
INFO: Run Behavior\ShowPageTraceBehavior [ RunTime:0.001000s ]
INFO: [ app_end ] --END-- [ RunTime:0.001000s ]

[ 2016-11-05T09:32:03+08:00 ] 127.0.0.1 /weibo/Setting/avatar.html
INFO: [ app_init ] --START--
INFO: Run Behavior\BuildLiteBehavior [ RunTime:0.000000s ]
INFO: [ app_init ] --END-- [ RunTime:0.000000s ]
INFO: [ app_begin ] --START--
INFO: Run Behavior\ReadHtmlCacheBehavior [ RunTime:0.001000s ]
INFO: [ app_begin ] --END-- [ RunTime:0.002000s ]
SQL: DESCRIBE weibo_user [ RunTime:0.001000s ]
SQL: SELECT `face` FROM `weibo_user` WHERE `id` = 7 LIMIT 1   [ RunTime:0.001000s ]
INFO: [ view_parse ] --START--
INFO: [ template_filter ] --START--
INFO: Run Behavior\ContentReplaceBehavior [ RunTime:0.000000s ]
INFO: [ template_filter ] --END-- [ RunTime:0.000000s ]
NOTIC: [8] Undefined variable: referCount C:\wamp\www\weibo\App\Runtime\Cache\Home\f64a030b2e7a7d354780c4b055210388.php 第 53 行.
NOTIC: [8] Undefined variable: referCount C:\wamp\www\weibo\App\Runtime\Cache\Home\f64a030b2e7a7d354780c4b055210388.php 第 67 行.
NOTIC: [8] Undefined variable: referCount C:\wamp\www\weibo\App\Runtime\Cache\Home\f64a030b2e7a7d354780c4b055210388.php 第 69 行.
INFO: Run Behavior\ParseTemplateBehavior [ RunTime:0.019001s ]
INFO: [ view_parse ] --END-- [ RunTime:0.019001s ]
INFO: [ view_filter ] --START--
INFO: Run Behavior\WriteHtmlCacheBehavior [ RunTime:0.001000s ]
INFO: [ view_filter ] --END-- [ RunTime:0.001000s ]
INFO: [ app_end ] --START--
INFO: Run Behavior\ShowPageTraceBehavior [ RunTime:0.001000s ]
INFO: [ app_end ] --END-- [ RunTime:0.001000s ]

[ 2016-11-05T09:32:04+08:00 ] 127.0.0.1 /weibo/Home/Home/getRefer
INFO: [ app_init ] --START--
INFO: Run Behavior\BuildLiteBehavior [ RunTime:0.000000s ]
INFO: [ app_init ] --END-- [ RunTime:0.001000s ]
INFO: [ app_begin ] --START--
INFO: Run Behavior\ReadHtmlCacheBehavior [ RunTime:0.001000s ]
INFO: [ app_begin ] --END-- [ RunTime:0.001000s ]
INFO: [ app_end ] --START--
INFO: Run Behavior\ShowPageTraceBehavior [ RunTime:0.002001s ]
INFO: [ app_end ] --END-- [ RunTime:0.002001s ]

[ 2016-11-05T09:32:04+08:00 ] 127.0.0.1 /weibo/Setting/
INFO: [ app_init ] --START--
INFO: Run Behavior\BuildLiteBehavior [ RunTime:0.000000s ]
INFO: [ app_init ] --END-- [ RunTime:0.001000s ]
INFO: [ app_begin ] --START--
INFO: Run Behavior\ReadHtmlCacheBehavior [ RunTime:0.001000s ]
INFO: [ app_begin ] --END-- [ RunTime:0.001000s ]
SQL: DESCRIBE weibo_user [ RunTime:0.000000s ]
SQL: SELECT `id`,`username`,`email`,`face`,`domain` FROM `weibo_user` WHERE `id` = 7 LIMIT 1   [ RunTime:0.000000s ]
SQL: DESCRIBE weibo_user_extend [ RunTime:0.001000s ]
SQL: SELECT `intro` FROM `weibo_user_extend` WHERE ( 1=1 AND uid='7' ) LIMIT 1   [ RunTime:0.000000s ]
INFO: [ view_parse ] --START--
INFO: [ template_filter ] --START--
INFO: Run Behavior\ContentReplaceBehavior [ RunTime:0.000000s ]
INFO: [ template_filter ] --END-- [ RunTime:0.000000s ]
NOTIC: [8] Undefined variable: referCount C:\wamp\www\weibo\App\Runtime\Cache\Home\52d0339a4f0cc5bc47db43e4f3703f43.php 第 48 行.
NOTIC: [8] Undefined variable: referCount C:\wamp\www\weibo\App\Runtime\Cache\Home\52d0339a4f0cc5bc47db43e4f3703f43.php 第 62 行.
NOTIC: [8] Undefined variable: referCount C:\wamp\www\weibo\App\Runtime\Cache\Home\52d0339a4f0cc5bc47db43e4f3703f43.php 第 64 行.
INFO: Run Behavior\ParseTemplateBehavior [ RunTime:0.019001s ]
INFO: [ view_parse ] --END-- [ RunTime:0.019001s ]
INFO: [ view_filter ] --START--
INFO: Run Behavior\WriteHtmlCacheBehavior [ RunTime:0.001000s ]
INFO: [ view_filter ] --END-- [ RunTime:0.001000s ]
INFO: [ app_end ] --START--
INFO: Run Behavior\ShowPageTraceBehavior [ RunTime:0.001000s ]
INFO: [ app_end ] --END-- [ RunTime:0.001000s ]

[ 2016-11-05T09:32:05+08:00 ] 127.0.0.1 /weibo/Setting/domain.html
INFO: [ app_init ] --START--
INFO: Run Behavior\BuildLiteBehavior [ RunTime:0.000000s ]
INFO: [ app_init ] --END-- [ RunTime:0.001000s ]
INFO: [ app_begin ] --START--
INFO: Run Behavior\ReadHtmlCacheBehavior [ RunTime:0.001000s ]
INFO: [ app_begin ] --END-- [ RunTime:0.001000s ]
SQL: DESCRIBE weibo_user [ RunTime:0.001000s ]
SQL: SELECT `id`,`username`,`email`,`face`,`domain` FROM `weibo_user` WHERE `id` = 7 LIMIT 1   [ RunTime:0.001000s ]
SQL: DESCRIBE weibo_user_extend [ RunTime:0.001000s ]
SQL: SELECT `intro` FROM `weibo_user_extend` WHERE ( 1=1 AND uid='7' ) LIMIT 1   [ RunTime:0.001000s ]
INFO: [ view_parse ] --START--
INFO: [ template_filter ] --START--
INFO: Run Behavior\ContentReplaceBehavior [ RunTime:0.000000s ]
INFO: [ template_filter ] --END-- [ RunTime:0.000000s ]
NOTIC: [8] Undefined variable: referCount C:\wamp\www\weibo\App\Runtime\Cache\Home\8598a7b144286a361a5746398311440d.php 第 48 行.
NOTIC: [8] Undefined variable: referCount C:\wamp\www\weibo\App\Runtime\Cache\Home\8598a7b144286a361a5746398311440d.php 第 62 行.
NOTIC: [8] Undefined variable: referCount C:\wamp\www\weibo\App\Runtime\Cache\Home\8598a7b144286a361a5746398311440d.php 第 64 行.
INFO: Run Behavior\ParseTemplateBehavior [ RunTime:0.022001s ]
INFO: [ view_parse ] --END-- [ RunTime:0.022001s ]
INFO: [ view_filter ] --START--
INFO: Run Behavior\WriteHtmlCacheBehavior [ RunTime:0.000000s ]
INFO: [ view_filter ] --END-- [ RunTime:0.001000s ]
INFO: [ app_end ] --START--
INFO: Run Behavior\ShowPageTraceBehavior [ RunTime:0.001000s ]
INFO: [ app_end ] --END-- [ RunTime:0.001000s ]

[ 2016-11-05T09:32:06+08:00 ] 127.0.0.1 /weibo/Home/Home/getRefer
INFO: [ app_init ] --START--
INFO: Run Behavior\BuildLiteBehavior [ RunTime:0.000000s ]
INFO: [ app_init ] --END-- [ RunTime:0.001000s ]
INFO: [ app_begin ] --START--
INFO: Run Behavior\ReadHtmlCacheBehavior [ RunTime:0.001000s ]
INFO: [ app_begin ] --END-- [ RunTime:0.001000s ]
INFO: [ app_end ] --START--
INFO: Run Behavior\ShowPageTraceBehavior [ RunTime:0.001000s ]
INFO: [ app_end ] --END-- [ RunTime:0.001000s ]

[ 2016-11-05T09:32:25+08:00 ] 127.0.0.1 /weibo/Setting/refer.html
INFO: [ app_init ] --START--
INFO: Run Behavior\BuildLiteBehavior [ RunTime:0.000000s ]
INFO: [ app_init ] --END-- [ RunTime:0.001000s ]
INFO: [ app_begin ] --START--
INFO: Run Behavior\ReadHtmlCacheBehavior [ RunTime:0.002000s ]
INFO: [ app_begin ] --END-- [ RunTime:0.002000s ]
SQL: DESCRIBE weibo_refer [ RunTime:0.003000s ]
SQL: SELECT `id`,`tid`,`uid`,`read` FROM `weibo_refer` WHERE `uid` = 7  [ RunTime:0.001000s ]
SQL: DESCRIBE weibo_topic [ RunTime:0.000000s ]
SQL: SELECT `content` FROM `weibo_topic` WHERE ( 1=1 AND id='166' ) LIMIT 1   [ RunTime:0.000000s ]
SQL: SELECT `content` FROM `weibo_topic` WHERE ( 1=1 AND id='167' ) LIMIT 1   [ RunTime:0.001001s ]
SQL: SELECT `content` FROM `weibo_topic` WHERE ( 1=1 AND id='168' ) LIMIT 1   [ RunTime:0.000000s ]
SQL: SELECT `content` FROM `weibo_topic` WHERE ( 1=1 AND id='169' ) LIMIT 1   [ RunTime:0.000000s ]
SQL: SELECT `content` FROM `weibo_topic` WHERE ( 1=1 AND id='170' ) LIMIT 1   [ RunTime:0.001000s ]
SQL: SELECT `content` FROM `weibo_topic` WHERE ( 1=1 AND id='171' ) LIMIT 1   [ RunTime:0.000000s ]
SQL: SELECT `content` FROM `weibo_topic` WHERE ( 1=1 AND id='172' ) LIMIT 1   [ RunTime:0.000000s ]
INFO: [ view_parse ] --START--
INFO: [ template_filter ] --START--
INFO: Run Behavior\ContentReplaceBehavior [ RunTime:0.000000s ]
INFO: [ template_filter ] --END-- [ RunTime:0.001001s ]
NOTIC: [8] Undefined variable: referCount C:\wamp\www\weibo\App\Runtime\Cache\Home\84f111c28ec16be3fec04e5a40e41b76.php 第 48 行.
NOTIC: [8] Undefined variable: referCount C:\wamp\www\weibo\App\Runtime\Cache\Home\84f111c28ec16be3fec04e5a40e41b76.php 第 62 行.
NOTIC: [8] Undefined variable: referCount C:\wamp\www\weibo\App\Runtime\Cache\Home\84f111c28ec16be3fec04e5a40e41b76.php 第 64 行.
NOTIC: [8] Use of undefined constant utf8 - assumed 'utf8' C:\wamp\www\weibo\App\Runtime\Cache\Home\84f111c28ec16be3fec04e5a40e41b76.php 第 109 行.
NOTIC: [8] Use of undefined constant utf8 - assumed 'utf8' C:\wamp\www\weibo\App\Runtime\Cache\Home\84f111c28ec16be3fec04e5a40e41b76.php 第 109 行.
NOTIC: [8] Use of undefined constant utf8 - assumed 'utf8' C:\wamp\www\weibo\App\Runtime\Cache\Home\84f111c28ec16be3fec04e5a40e41b76.php 第 109 行.
NOTIC: [8] Use of undefined constant utf8 - assumed 'utf8' C:\wamp\www\weibo\App\Runtime\Cache\Home\84f111c28ec16be3fec04e5a40e41b76.php 第 109 行.
NOTIC: [8] Use of undefined constant utf8 - assumed 'utf8' C:\wamp\www\weibo\App\Runtime\Cache\Home\84f111c28ec16be3fec04e5a40e41b76.php 第 109 行.
NOTIC: [8] Use of undefined constant utf8 - assumed 'utf8' C:\wamp\www\weibo\App\Runtime\Cache\Home\84f111c28ec16be3fec04e5a40e41b76.php 第 109 行.
NOTIC: [8] Use of undefined constant utf8 - assumed 'utf8' C:\wamp\www\weibo\App\Runtime\Cache\Home\84f111c28ec16be3fec04e5a40e41b76.php 第 109 行.
INFO: Run Behavior\ParseTemplateBehavior [ RunTime:0.022001s ]
INFO: [ view_parse ] --END-- [ RunTime:0.022001s ]
INFO: [ view_filter ] --START--
INFO: Run Behavior\WriteHtmlCacheBehavior [ RunTime:0.001000s ]
INFO: [ view_filter ] --END-- [ RunTime:0.001000s ]
INFO: [ app_end ] --START--
INFO: Run Behavior\ShowPageTraceBehavior [ RunTime:0.001000s ]
INFO: [ app_end ] --END-- [ RunTime:0.001000s ]

[ 2016-11-05T09:32:26+08:00 ] 127.0.0.1 /weibo/Home/Home/getRefer
INFO: [ app_init ] --START--
INFO: Run Behavior\BuildLiteBehavior [ RunTime:0.000000s ]
INFO: [ app_init ] --END-- [ RunTime:0.001000s ]
INFO: [ app_begin ] --START--
INFO: Run Behavior\ReadHtmlCacheBehavior [ RunTime:0.001000s ]
INFO: [ app_begin ] --END-- [ RunTime:0.001000s ]
INFO: [ app_end ] --START--
INFO: Run Behavior\ShowPageTraceBehavior [ RunTime:0.001000s ]
INFO: [ app_end ] --END-- [ RunTime:0.001000s ]

[ 2016-11-05T09:32:27+08:00 ] 127.0.0.1 /weibo/Setting/approve.html
INFO: [ app_init ] --START--
INFO: Run Behavior\BuildLiteBehavior [ RunTime:0.000000s ]
INFO: [ app_init ] --END-- [ RunTime:0.001000s ]
INFO: [ app_begin ] --START--
INFO: Run Behavior\ReadHtmlCacheBehavior [ RunTime:0.001000s ]
INFO: [ app_begin ] --END-- [ RunTime:0.002000s ]
SQL: DESCRIBE weibo_approve [ RunTime:0.004000s ]
SQL: SELECT `name`,`info`,`state` FROM `weibo_approve` WHERE `uid` = 7 LIMIT 1   [ RunTime:0.001000s ]
INFO: [ view_parse ] --START--
INFO: [ template_filter ] --START--
INFO: Run Behavior\ContentReplaceBehavior [ RunTime:0.000000s ]
INFO: [ template_filter ] --END-- [ RunTime:0.001000s ]
NOTIC: [8] Undefined variable: referCount C:\wamp\www\weibo\App\Runtime\Cache\Home\2ae02fc3a93b56713c797af4d2b34481.php 第 48 行.
NOTIC: [8] Undefined variable: referCount C:\wamp\www\weibo\App\Runtime\Cache\Home\2ae02fc3a93b56713c797af4d2b34481.php 第 62 行.
NOTIC: [8] Undefined variable: referCount C:\wamp\www\weibo\App\Runtime\Cache\Home\2ae02fc3a93b56713c797af4d2b34481.php 第 64 行.
INFO: Run Behavior\ParseTemplateBehavior [ RunTime:0.022001s ]
INFO: [ view_parse ] --END-- [ RunTime:0.022001s ]
INFO: [ view_filter ] --START--
INFO: Run Behavior\WriteHtmlCacheBehavior [ RunTime:0.001000s ]
INFO: [ view_filter ] --END-- [ RunTime:0.001000s ]
INFO: [ app_end ] --START--
INFO: Run Behavior\ShowPageTraceBehavior [ RunTime:0.001000s ]
INFO: [ app_end ] --END-- [ RunTime:0.001000s ]

[ 2016-11-05T09:32:27+08:00 ] 127.0.0.1 /weibo/Home/Home/getRefer
INFO: [ app_init ] --START--
INFO: Run Behavior\BuildLiteBehavior [ RunTime:0.001000s ]
INFO: [ app_init ] --END-- [ RunTime:0.001000s ]
INFO: [ app_begin ] --START--
INFO: Run Behavior\ReadHtmlCacheBehavior [ RunTime:0.001000s ]
INFO: [ app_begin ] --END-- [ RunTime:0.001000s ]
INFO: [ app_end ] --START--
INFO: Run Behavior\ShowPageTraceBehavior [ RunTime:0.001000s ]
INFO: [ app_end ] --END-- [ RunTime:0.001000s ]

[ 2016-11-05T09:32:28+08:00 ] 127.0.0.1 /weibo/Setting/avatar.html
INFO: [ app_init ] --START--
INFO: Run Behavior\BuildLiteBehavior [ RunTime:0.000000s ]
INFO: [ app_init ] --END-- [ RunTime:0.003000s ]
INFO: [ app_begin ] --START--
INFO: Run Behavior\ReadHtmlCacheBehavior [ RunTime:0.001000s ]
INFO: [ app_begin ] --END-- [ RunTime:0.002000s ]
SQL: DESCRIBE weibo_user [ RunTime:0.000000s ]
SQL: SELECT `face` FROM `weibo_user` WHERE `id` = 7 LIMIT 1   [ RunTime:0.000000s ]
INFO: [ view_parse ] --START--
INFO: [ template_filter ] --START--
INFO: Run Behavior\ContentReplaceBehavior [ RunTime:0.000000s ]
INFO: [ template_filter ] --END-- [ RunTime:0.000000s ]
NOTIC: [8] Undefined variable: referCount C:\wamp\www\weibo\App\Runtime\Cache\Home\f64a030b2e7a7d354780c4b055210388.php 第 53 行.
NOTIC: [8] Undefined variable: referCount C:\wamp\www\weibo\App\Runtime\Cache\Home\f64a030b2e7a7d354780c4b055210388.php 第 67 行.
NOTIC: [8] Undefined variable: referCount C:\wamp\www\weibo\App\Runtime\Cache\Home\f64a030b2e7a7d354780c4b055210388.php 第 69 行.
INFO: Run Behavior\ParseTemplateBehavior [ RunTime:0.019001s ]
INFO: [ view_parse ] --END-- [ RunTime:0.019001s ]
INFO: [ view_filter ] --START--
INFO: Run Behavior\WriteHtmlCacheBehavior [ RunTime:0.001000s ]
INFO: [ view_filter ] --END-- [ RunTime:0.001000s ]
INFO: [ app_end ] --START--
INFO: Run Behavior\ShowPageTraceBehavior [ RunTime:0.001000s ]
INFO: [ app_end ] --END-- [ RunTime:0.001000s ]

[ 2016-11-05T09:32:28+08:00 ] 127.0.0.1 /weibo/Home/Home/getRefer
INFO: [ app_init ] --START--
INFO: Run Behavior\BuildLiteBehavior [ RunTime:0.000000s ]
INFO: [ app_init ] --END-- [ RunTime:0.001000s ]
INFO: [ app_begin ] --START--
INFO: Run Behavior\ReadHtmlCacheBehavior [ RunTime:0.000000s ]
INFO: [ app_begin ] --END-- [ RunTime:0.002000s ]
INFO: [ app_end ] --START--
INFO: Run Behavior\ShowPageTraceBehavior [ RunTime:0.000000s ]
INFO: [ app_end ] --END-- [ RunTime:0.001000s ]

[ 2016-11-05T09:32:29+08:00 ] 127.0.0.1 /weibo/Setting/index.html
INFO: [ app_init ] --START--
INFO: Run Behavior\BuildLiteBehavior [ RunTime:0.000000s ]
INFO: [ app_init ] --END-- [ RunTime:0.001000s ]
INFO: [ app_begin ] --START--
INFO: Run Behavior\ReadHtmlCacheBehavior [ RunTime:0.001000s ]
INFO: [ app_begin ] --END-- [ RunTime:0.002000s ]
SQL: DESCRIBE weibo_user [ RunTime:0.001000s ]
SQL: SELECT `id`,`username`,`email`,`face`,`domain` FROM `weibo_user` WHERE `id` = 7 LIMIT 1   [ RunTime:0.000000s ]
SQL: DESCRIBE weibo_user_extend [ RunTime:0.001000s ]
SQL: SELECT `intro` FROM `weibo_user_extend` WHERE ( 1=1 AND uid='7' ) LIMIT 1   [ RunTime:0.000000s ]
INFO: [ view_parse ] --START--
INFO: [ template_filter ] --START--
INFO: Run Behavior\ContentReplaceBehavior [ RunTime:0.000000s ]
INFO: [ template_filter ] --END-- [ RunTime:0.000000s ]
NOTIC: [8] Undefined variable: referCount C:\wamp\www\weibo\App\Runtime\Cache\Home\52d0339a4f0cc5bc47db43e4f3703f43.php 第 48 行.
NOTIC: [8] Undefined variable: referCount C:\wamp\www\weibo\App\Runtime\Cache\Home\52d0339a4f0cc5bc47db43e4f3703f43.php 第 62 行.
NOTIC: [8] Undefined variable: referCount C:\wamp\www\weibo\App\Runtime\Cache\Home\52d0339a4f0cc5bc47db43e4f3703f43.php 第 64 行.
INFO: Run Behavior\ParseTemplateBehavior [ RunTime:0.019001s ]
INFO: [ view_parse ] --END-- [ RunTime:0.019001s ]
INFO: [ view_filter ] --START--
INFO: Run Behavior\WriteHtmlCacheBehavior [ RunTime:0.001000s ]
INFO: [ view_filter ] --END-- [ RunTime:0.001000s ]
INFO: [ app_end ] --START--
INFO: Run Behavior\ShowPageTraceBehavior [ RunTime:0.001000s ]
INFO: [ app_end ] --END-- [ RunTime:0.001000s ]

[ 2016-11-05T09:32:29+08:00 ] 127.0.0.1 /weibo/Setting/
INFO: [ app_init ] --START--
INFO: Run Behavior\BuildLiteBehavior [ RunTime:0.000000s ]
INFO: [ app_init ] --END-- [ RunTime:0.001000s ]
INFO: [ app_begin ] --START--
INFO: Run Behavior\ReadHtmlCacheBehavior [ RunTime:0.001000s ]
INFO: [ app_begin ] --END-- [ RunTime:0.001000s ]
SQL: DESCRIBE weibo_user [ RunTime:0.001000s ]
SQL: SELECT `id`,`username`,`email`,`face`,`domain` FROM `weibo_user` WHERE `id` = 7 LIMIT 1   [ RunTime:0.001000s ]
SQL: DESCRIBE weibo_user_extend [ RunTime:0.000000s ]
SQL: SELECT `intro` FROM `weibo_user_extend` WHERE ( 1=1 AND uid='7' ) LIMIT 1   [ RunTime:0.001000s ]
INFO: [ view_parse ] --START--
INFO: [ template_filter ] --START--
INFO: Run Behavior\ContentReplaceBehavior [ RunTime:0.000000s ]
INFO: [ template_filter ] --END-- [ RunTime:0.000000s ]
NOTIC: [8] Undefined variable: referCount C:\wamp\www\weibo\App\Runtime\Cache\Home\52d0339a4f0cc5bc47db43e4f3703f43.php 第 48 行.
NOTIC: [8] Undefined variable: referCount C:\wamp\www\weibo\App\Runtime\Cache\Home\52d0339a4f0cc5bc47db43e4f3703f43.php 第 62 行.
NOTIC: [8] Undefined variable: referCount C:\wamp\www\weibo\App\Runtime\Cache\Home\52d0339a4f0cc5bc47db43e4f3703f43.php 第 64 行.
INFO: Run Behavior\ParseTemplateBehavior [ RunTime:0.019001s ]
INFO: [ view_parse ] --END-- [ RunTime:0.019001s ]
INFO: [ view_filter ] --START--
INFO: Run Behavior\WriteHtmlCacheBehavior [ RunTime:0.001000s ]
INFO: [ view_filter ] --END-- [ RunTime:0.001000s ]
INFO: [ app_end ] --START--
INFO: Run Behavior\ShowPageTraceBehavior [ RunTime:0.001000s ]
INFO: [ app_end ] --END-- [ RunTime:0.001000s ]

[ 2016-11-05T09:32:29+08:00 ] 127.0.0.1 /weibo/Home/Home/getRefer
INFO: [ app_init ] --START--
INFO: Run Behavior\BuildLiteBehavior [ RunTime:0.000000s ]
INFO: [ app_init ] --END-- [ RunTime:0.001000s ]
INFO: [ app_begin ] --START--
INFO: Run Behavior\ReadHtmlCacheBehavior [ RunTime:0.002000s ]
INFO: [ app_begin ] --END-- [ RunTime:0.002000s ]
INFO: [ app_end ] --START--
INFO: Run Behavior\ShowPageTraceBehavior [ RunTime:0.001000s ]
INFO: [ app_end ] --END-- [ RunTime:0.001000s ]

[ 2016-11-05T09:32:37+08:00 ] 127.0.0.1 /weibo/Setting/index.html
INFO: [ app_init ] --START--
INFO: Run Behavior\BuildLiteBehavior [ RunTime:0.000000s ]
INFO: [ app_init ] --END-- [ RunTime:0.001001s ]
INFO: [ app_begin ] --START--
INFO: Run Behavior\ReadHtmlCacheBehavior [ RunTime:0.001000s ]
INFO: [ app_begin ] --END-- [ RunTime:0.001000s ]
SQL: DESCRIBE weibo_user [ RunTime:0.001000s ]
SQL: SELECT `id`,`username`,`email`,`face`,`domain` FROM `weibo_user` WHERE `id` = 7 LIMIT 1   [ RunTime:0.001000s ]
SQL: DESCRIBE weibo_user_extend [ RunTime:0.000000s ]
SQL: SELECT `intro` FROM `weibo_user_extend` WHERE ( 1=1 AND uid='7' ) LIMIT 1   [ RunTime:0.000000s ]
INFO: [ view_parse ] --START--
INFO: [ template_filter ] --START--
INFO: Run Behavior\ContentReplaceBehavior [ RunTime:0.000000s ]
INFO: [ template_filter ] --END-- [ RunTime:0.001000s ]
NOTIC: [8] Undefined variable: referCount C:\wamp\www\weibo\App\Runtime\Cache\Home\52d0339a4f0cc5bc47db43e4f3703f43.php 第 48 行.
NOTIC: [8] Undefined variable: referCount C:\wamp\www\weibo\App\Runtime\Cache\Home\52d0339a4f0cc5bc47db43e4f3703f43.php 第 62 行.
NOTIC: [8] Undefined variable: referCount C:\wamp\www\weibo\App\Runtime\Cache\Home\52d0339a4f0cc5bc47db43e4f3703f43.php 第 64 行.
INFO: Run Behavior\ParseTemplateBehavior [ RunTime:0.030002s ]
INFO: [ view_parse ] --END-- [ RunTime:0.030002s ]
INFO: [ view_filter ] --START--
INFO: Run Behavior\WriteHtmlCacheBehavior [ RunTime:0.001000s ]
INFO: [ view_filter ] --END-- [ RunTime:0.002000s ]
INFO: [ app_end ] --START--
INFO: Run Behavior\ShowPageTraceBehavior [ RunTime:0.001000s ]
INFO: [ app_end ] --END-- [ RunTime:0.002000s ]

[ 2016-11-05T09:32:37+08:00 ] 127.0.0.1 /weibo/Home/Home/getRefer
INFO: [ app_init ] --START--
INFO: Run Behavior\BuildLiteBehavior [ RunTime:0.000000s ]
INFO: [ app_init ] --END-- [ RunTime:0.001000s ]
INFO: [ app_begin ] --START--
INFO: Run Behavior\ReadHtmlCacheBehavior [ RunTime:0.001000s ]
INFO: [ app_begin ] --END-- [ RunTime:0.002000s ]
INFO: [ app_end ] --START--
INFO: Run Behavior\ShowPageTraceBehavior [ RunTime:0.001000s ]
INFO: [ app_end ] --END-- [ RunTime:0.001000s ]

[ 2016-11-05T09:32:38+08:00 ] 127.0.0.1 /weibo/User/logout.html
INFO: [ app_init ] --START--
INFO: Run Behavior\BuildLiteBehavior [ RunTime:0.000000s ]
INFO: [ app_init ] --END-- [ RunTime:0.001000s ]
INFO: [ app_begin ] --START--
INFO: Run Behavior\ReadHtmlCacheBehavior [ RunTime:0.001000s ]
INFO: [ app_begin ] --END-- [ RunTime:0.001000s ]
INFO: [ view_parse ] --START--
INFO: [ template_filter ] --START--
INFO: Run Behavior\ContentReplaceBehavior [ RunTime:0.000000s ]
INFO: [ template_filter ] --END-- [ RunTime:0.001000s ]
INFO: Run Behavior\ParseTemplateBehavior [ RunTime:0.014001s ]
INFO: [ view_parse ] --END-- [ RunTime:0.014001s ]
INFO: [ view_filter ] --START--
INFO: Run Behavior\WriteHtmlCacheBehavior [ RunTime:0.001000s ]
INFO: [ view_filter ] --END-- [ RunTime:0.001000s ]
INFO: [ app_end ] --START--
INFO: Run Behavior\ShowPageTraceBehavior [ RunTime:0.001000s ]
INFO: [ app_end ] --END-- [ RunTime:0.001000s ]

[ 2016-11-05T09:32:39+08:00 ] 127.0.0.1 /weibo/Login/index.html
INFO: [ app_init ] --START--
INFO: Run Behavior\BuildLiteBehavior [ RunTime:0.000000s ]
INFO: [ app_init ] --END-- [ RunTime:0.001000s ]
INFO: [ app_begin ] --START--
INFO: Run Behavior\ReadHtmlCacheBehavior [ RunTime:0.001000s ]
INFO: [ app_begin ] --END-- [ RunTime:0.001000s ]
INFO: [ view_parse ] --START--
INFO: [ template_filter ] --START--
INFO: Run Behavior\ContentReplaceBehavior [ RunTime:0.000000s ]
INFO: [ template_filter ] --END-- [ RunTime:0.001001s ]
INFO: Run Behavior\ParseTemplateBehavior [ RunTime:0.010001s ]
INFO: [ view_parse ] --END-- [ RunTime:0.010001s ]
INFO: [ view_filter ] --START--
INFO: Run Behavior\WriteHtmlCacheBehavior [ RunTime:0.000000s ]
INFO: [ view_filter ] --END-- [ RunTime:0.001000s ]
INFO: [ app_end ] --START--
INFO: Run Behavior\ShowPageTraceBehavior [ RunTime:0.001000s ]
INFO: [ app_end ] --END-- [ RunTime:0.001000s ]

[ 2016-11-05T09:32:39+08:00 ] 127.0.0.1 /weibo/Login/verify.html?a=b
INFO: [ app_init ] --START--
INFO: Run Behavior\BuildLiteBehavior [ RunTime:0.000000s ]
INFO: [ app_init ] --END-- [ RunTime:0.000000s ]
INFO: [ app_begin ] --START--
INFO: Run Behavior\ReadHtmlCacheBehavior [ RunTime:0.001000s ]
INFO: [ app_begin ] --END-- [ RunTime:0.001000s ]
INFO: [ app_end ] --START--
INFO: Run Behavior\ShowPageTraceBehavior [ RunTime:0.002000s ]
INFO: [ app_end ] --END-- [ RunTime:0.002000s ]

